Determining if the include file io.h exists failed with the following output:
Change Dir: /home/panxiaogong/3rdparty/android/opencv-3.1.0/build_android_v4l/CMakeFiles/CMakeTmp

Run Build Command(s):/usr/bin/gmake cmTC_bc0a2/fast 
/usr/bin/gmake -f CMakeFiles/cmTC_bc0a2.dir/build.make CMakeFiles/cmTC_bc0a2.dir/build
gmake[1]: 进入目录“/home/panxiaogong/3rdparty/android/opencv-3.1.0/build_android_v4l/CMakeFiles/CMakeTmp”
Building C object CMakeFiles/cmTC_bc0a2.dir/CheckIncludeFile.c.o
/home/panxiaogong/3rdparty/android-ndk-r16b/toolchains/llvm/prebuilt/linux-x86_64/bin/clang --target=aarch64-none-linux-android --gcc-toolchain=/home/panxiaogong/3rdparty/android-ndk-r16b/toolchains/aarch64-linux-android-4.9/prebuilt/linux-x86_64 --sysroot=/home/panxiaogong/3rdparty/android-ndk-r16b/sysroot   -isystem /home/panxiaogong/3rdparty/android-ndk-r16b/sysroot/usr/include/aarch64-linux-android -D__ANDROID_API__=27 -g -DANDROID -ffunction-sections -funwind-tables -fstack-protector-strong -no-canonical-prefixes -Wa,--noexecstack -Wformat -Werror=format-security    -fsigned-char -W -Werror=return-type -Werror=non-virtual-dtor -Werror=address -Werror=sequence-point -Wformat -Werror=format-security -Wmissing-declarations -Wmissing-prototypes -Wstrict-prototypes -Wundef -Winit-self -Wpointer-arith -Wshadow -Wsign-promo -Wno-narrowing -Wno-delete-non-virtual-dtor -Wno-unnamed-type-template-args -fdiagnostics-show-option -Qunused-arguments -fomit-frame-pointer -fvisibility=hidden -fvisibility-inlines-hidden  -O2 -DNDEBUG  -fPIE   -o CMakeFiles/cmTC_bc0a2.dir/CheckIncludeFile.c.o   -c /home/panxiaogong/3rdparty/android/opencv-3.1.0/build_android_v4l/CMakeFiles/CMakeTmp/CheckIncludeFile.c
/home/panxiaogong/3rdparty/android/opencv-3.1.0/build_android_v4l/CMakeFiles/CMakeTmp/CheckIncludeFile.c:1:10: fatal error: 'io.h' file not found
#include <io.h>
         ^~~~~~
1 error generated.
gmake[1]: *** [CMakeFiles/cmTC_bc0a2.dir/CheckIncludeFile.c.o] 错误 1
gmake[1]: 离开目录“/home/panxiaogong/3rdparty/android/opencv-3.1.0/build_android_v4l/CMakeFiles/CMakeTmp”
gmake: *** [cmTC_bc0a2/fast] 错误 2


Determining if the function jbg_newlen exists failed with the following output:
Change Dir: /home/panxiaogong/3rdparty/android/opencv-3.1.0/build_android_v4l/CMakeFiles/CMakeTmp

Run Build Command(s):/usr/bin/gmake cmTC_2aaf0/fast 
/usr/bin/gmake -f CMakeFiles/cmTC_2aaf0.dir/build.make CMakeFiles/cmTC_2aaf0.dir/build
gmake[1]: 进入目录“/home/panxiaogong/3rdparty/android/opencv-3.1.0/build_android_v4l/CMakeFiles/CMakeTmp”
Building C object CMakeFiles/cmTC_2aaf0.dir/CheckFunctionExists.c.o
/home/panxiaogong/3rdparty/android-ndk-r16b/toolchains/llvm/prebuilt/linux-x86_64/bin/clang --target=aarch64-none-linux-android --gcc-toolchain=/home/panxiaogong/3rdparty/android-ndk-r16b/toolchains/aarch64-linux-android-4.9/prebuilt/linux-x86_64 --sysroot=/home/panxiaogong/3rdparty/android-ndk-r16b/sysroot   -isystem /home/panxiaogong/3rdparty/android-ndk-r16b/sysroot/usr/include/aarch64-linux-android -D__ANDROID_API__=27 -g -DANDROID -ffunction-sections -funwind-tables -fstack-protector-strong -no-canonical-prefixes -Wa,--noexecstack -Wformat -Werror=format-security    -fsigned-char -W -Werror=return-type -Werror=non-virtual-dtor -Werror=address -Werror=sequence-point -Wformat -Werror=format-security -Wmissing-declarations -Wmissing-prototypes -Wstrict-prototypes -Wundef -Winit-self -Wpointer-arith -Wshadow -Wsign-promo -Wno-narrowing -Wno-delete-non-virtual-dtor -Wno-unnamed-type-template-args -fdiagnostics-show-option -Qunused-arguments -fomit-frame-pointer -fvisibility=hidden -fvisibility-inlines-hidden -DCHECK_FUNCTION_EXISTS=jbg_newlen -O2 -DNDEBUG  -fPIE   -o CMakeFiles/cmTC_2aaf0.dir/CheckFunctionExists.c.o   -c /home/panxiaogong/3rdparty/cmake-3.14.0-rc2-Linux-x86_64/share/cmake-3.14/Modules/CheckFunctionExists.c
Linking C executable cmTC_2aaf0
/home/panxiaogong/3rdparty/cmake-3.14.0-rc2-Linux-x86_64/bin/cmake -E cmake_link_script CMakeFiles/cmTC_2aaf0.dir/link.txt --verbose=1
/home/panxiaogong/3rdparty/android-ndk-r16b/toolchains/llvm/prebuilt/linux-x86_64/bin/clang --target=aarch64-none-linux-android --gcc-toolchain=/home/panxiaogong/3rdparty/android-ndk-r16b/toolchains/aarch64-linux-android-4.9/prebuilt/linux-x86_64 --sysroot=/home/panxiaogong/3rdparty/android-ndk-r16b/sysroot -isystem /home/panxiaogong/3rdparty/android-ndk-r16b/sysroot/usr/include/aarch64-linux-android -D__ANDROID_API__=27 -g -DANDROID -ffunction-sections -funwind-tables -fstack-protector-strong -no-canonical-prefixes -Wa,--noexecstack -Wformat -Werror=format-security    -fsigned-char -W -Werror=return-type -Werror=non-virtual-dtor -Werror=address -Werror=sequence-point -Wformat -Werror=format-security -Wmissing-declarations -Wmissing-prototypes -Wstrict-prototypes -Wundef -Winit-self -Wpointer-arith -Wshadow -Wsign-promo -Wno-narrowing -Wno-delete-non-virtual-dtor -Wno-unnamed-type-template-args -fdiagnostics-show-option -Qunused-arguments -fomit-frame-pointer -fvisibility=hidden -fvisibility-inlines-hidden -DCHECK_FUNCTION_EXISTS=jbg_newlen -O2 -DNDEBUG   -Wl,--exclude-libs,libgcc.a -Wl,--exclude-libs,libatomic.a --sysroot /home/panxiaogong/3rdparty/android-ndk-r16b/platforms/android-27/arch-arm64 -Wl,--build-id -Wl,--warn-shared-textrel -Wl,--fatal-warnings -L/home/panxiaogong/3rdparty/android-ndk-r16b/sources/cxx-stl/llvm-libc++/libs/arm64-v8a -Wl,--no-undefined -Wl,-z,noexecstack -Qunused-arguments -Wl,-z,relro -Wl,-z,now -Wl,--gc-sections -Wl,-z,nocopyreloc -pie -fPIE   CMakeFiles/cmTC_2aaf0.dir/CheckFunctionExists.c.o  -o cmTC_2aaf0 -latomic -lm 
CMakeFiles/cmTC_2aaf0.dir/CheckFunctionExists.c.o: In function `main':
/home/panxiaogong/3rdparty/cmake-3.14.0-rc2-Linux-x86_64/share/cmake-3.14/Modules/CheckFunctionExists.c:17: undefined reference to `jbg_newlen'
clang: error: linker command failed with exit code 1 (use -v to see invocation)
gmake[1]: *** [cmTC_2aaf0] 错误 1
gmake[1]: 离开目录“/home/panxiaogong/3rdparty/android/opencv-3.1.0/build_android_v4l/CMakeFiles/CMakeTmp”
gmake: *** [cmTC_2aaf0/fast] 错误 2


Determining if the include file linux/videodev.h exists failed with the following output:
Change Dir: /home/panxiaogong/3rdparty/android/opencv-3.1.0/build_android_v4l/CMakeFiles/CMakeTmp

Run Build Command(s):/usr/bin/gmake cmTC_caa39/fast 
/usr/bin/gmake -f CMakeFiles/cmTC_caa39.dir/build.make CMakeFiles/cmTC_caa39.dir/build
gmake[1]: 进入目录“/home/panxiaogong/3rdparty/android/opencv-3.1.0/build_android_v4l/CMakeFiles/CMakeTmp”
Building C object CMakeFiles/cmTC_caa39.dir/CheckIncludeFile.c.o
/home/panxiaogong/3rdparty/android-ndk-r16b/toolchains/llvm/prebuilt/linux-x86_64/bin/clang --target=aarch64-none-linux-android --gcc-toolchain=/home/panxiaogong/3rdparty/android-ndk-r16b/toolchains/aarch64-linux-android-4.9/prebuilt/linux-x86_64 --sysroot=/home/panxiaogong/3rdparty/android-ndk-r16b/sysroot   -isystem /home/panxiaogong/3rdparty/android-ndk-r16b/sysroot/usr/include/aarch64-linux-android -D__ANDROID_API__=27 -g -DANDROID -ffunction-sections -funwind-tables -fstack-protector-strong -no-canonical-prefixes -Wa,--noexecstack -Wformat -Werror=format-security    -fsigned-char -W -Werror=return-type -Werror=non-virtual-dtor -Werror=address -Werror=sequence-point -Wformat -Werror=format-security -Wmissing-declarations -Wmissing-prototypes -Wstrict-prototypes -Wundef -Winit-self -Wpointer-arith -Wshadow -Wsign-promo -Wno-narrowing -Wno-delete-non-virtual-dtor -Wno-unnamed-type-template-args -fdiagnostics-show-option -Qunused-arguments -fomit-frame-pointer -fvisibility=hidden -fvisibility-inlines-hidden  -O2 -DNDEBUG  -fPIE   -o CMakeFiles/cmTC_caa39.dir/CheckIncludeFile.c.o   -c /home/panxiaogong/3rdparty/android/opencv-3.1.0/build_android_v4l/CMakeFiles/CMakeTmp/CheckIncludeFile.c
/home/panxiaogong/3rdparty/android/opencv-3.1.0/build_android_v4l/CMakeFiles/CMakeTmp/CheckIncludeFile.c:1:10: fatal error: 'linux/videodev.h' file not found
#include <linux/videodev.h>
         ^~~~~~~~~~~~~~~~~~
1 error generated.
gmake[1]: *** [CMakeFiles/cmTC_caa39.dir/CheckIncludeFile.c.o] 错误 1
gmake[1]: 离开目录“/home/panxiaogong/3rdparty/android/opencv-3.1.0/build_android_v4l/CMakeFiles/CMakeTmp”
gmake: *** [cmTC_caa39/fast] 错误 2


Determining if the include file sys/videoio.h exists failed with the following output:
Change Dir: /home/panxiaogong/3rdparty/android/opencv-3.1.0/build_android_v4l/CMakeFiles/CMakeTmp

Run Build Command(s):/usr/bin/gmake cmTC_c6126/fast 
/usr/bin/gmake -f CMakeFiles/cmTC_c6126.dir/build.make CMakeFiles/cmTC_c6126.dir/build
gmake[1]: 进入目录“/home/panxiaogong/3rdparty/android/opencv-3.1.0/build_android_v4l/CMakeFiles/CMakeTmp”
Building C object CMakeFiles/cmTC_c6126.dir/CheckIncludeFile.c.o
/home/panxiaogong/3rdparty/android-ndk-r16b/toolchains/llvm/prebuilt/linux-x86_64/bin/clang --target=aarch64-none-linux-android --gcc-toolchain=/home/panxiaogong/3rdparty/android-ndk-r16b/toolchains/aarch64-linux-android-4.9/prebuilt/linux-x86_64 --sysroot=/home/panxiaogong/3rdparty/android-ndk-r16b/sysroot   -isystem /home/panxiaogong/3rdparty/android-ndk-r16b/sysroot/usr/include/aarch64-linux-android -D__ANDROID_API__=27 -g -DANDROID -ffunction-sections -funwind-tables -fstack-protector-strong -no-canonical-prefixes -Wa,--noexecstack -Wformat -Werror=format-security    -fsigned-char -W -Werror=return-type -Werror=non-virtual-dtor -Werror=address -Werror=sequence-point -Wformat -Werror=format-security -Wmissing-declarations -Wmissing-prototypes -Wstrict-prototypes -Wundef -Winit-self -Wpointer-arith -Wshadow -Wsign-promo -Wno-narrowing -Wno-delete-non-virtual-dtor -Wno-unnamed-type-template-args -fdiagnostics-show-option -Qunused-arguments -fomit-frame-pointer -fvisibility=hidden -fvisibility-inlines-hidden  -O2 -DNDEBUG  -fPIE   -o CMakeFiles/cmTC_c6126.dir/CheckIncludeFile.c.o   -c /home/panxiaogong/3rdparty/android/opencv-3.1.0/build_android_v4l/CMakeFiles/CMakeTmp/CheckIncludeFile.c
/home/panxiaogong/3rdparty/android/opencv-3.1.0/build_android_v4l/CMakeFiles/CMakeTmp/CheckIncludeFile.c:1:10: fatal error: 'sys/videoio.h' file not found
#include <sys/videoio.h>
         ^~~~~~~~~~~~~~~
1 error generated.
gmake[1]: *** [CMakeFiles/cmTC_c6126.dir/CheckIncludeFile.c.o] 错误 1
gmake[1]: 离开目录“/home/panxiaogong/3rdparty/android/opencv-3.1.0/build_android_v4l/CMakeFiles/CMakeTmp”
gmake: *** [cmTC_c6126/fast] 错误 2


Determining if the include file libavformat/avformat.h exists failed with the following output:
Change Dir: /home/panxiaogong/3rdparty/android/opencv-3.1.0/build_android_v4l/CMakeFiles/CMakeTmp

Run Build Command(s):/usr/bin/gmake cmTC_078c4/fast 
/usr/bin/gmake -f CMakeFiles/cmTC_078c4.dir/build.make CMakeFiles/cmTC_078c4.dir/build
gmake[1]: 进入目录“/home/panxiaogong/3rdparty/android/opencv-3.1.0/build_android_v4l/CMakeFiles/CMakeTmp”
Building C object CMakeFiles/cmTC_078c4.dir/CheckIncludeFile.c.o
/home/panxiaogong/3rdparty/android-ndk-r16b/toolchains/llvm/prebuilt/linux-x86_64/bin/clang --target=aarch64-none-linux-android --gcc-toolchain=/home/panxiaogong/3rdparty/android-ndk-r16b/toolchains/aarch64-linux-android-4.9/prebuilt/linux-x86_64 --sysroot=/home/panxiaogong/3rdparty/android-ndk-r16b/sysroot   -isystem /home/panxiaogong/3rdparty/android-ndk-r16b/sysroot/usr/include/aarch64-linux-android -D__ANDROID_API__=27 -g -DANDROID -ffunction-sections -funwind-tables -fstack-protector-strong -no-canonical-prefixes -Wa,--noexecstack -Wformat -Werror=format-security    -fsigned-char -W -Werror=return-type -Werror=non-virtual-dtor -Werror=address -Werror=sequence-point -Wformat -Werror=format-security -Wmissing-declarations -Wmissing-prototypes -Wstrict-prototypes -Wundef -Winit-self -Wpointer-arith -Wshadow -Wsign-promo -Wno-narrowing -Wno-delete-non-virtual-dtor -Wno-unnamed-type-template-args -fdiagnostics-show-option -Qunused-arguments -fomit-frame-pointer -fvisibility=hidden -fvisibility-inlines-hidden  -O2 -DNDEBUG  -fPIE   -o CMakeFiles/cmTC_078c4.dir/CheckIncludeFile.c.o   -c /home/panxiaogong/3rdparty/android/opencv-3.1.0/build_android_v4l/CMakeFiles/CMakeTmp/CheckIncludeFile.c
/home/panxiaogong/3rdparty/android/opencv-3.1.0/build_android_v4l/CMakeFiles/CMakeTmp/CheckIncludeFile.c:1:10: fatal error: 'libavformat/avformat.h' file not found
#include <libavformat/avformat.h>
         ^~~~~~~~~~~~~~~~~~~~~~~~
1 error generated.
gmake[1]: *** [CMakeFiles/cmTC_078c4.dir/CheckIncludeFile.c.o] 错误 1
gmake[1]: 离开目录“/home/panxiaogong/3rdparty/android/opencv-3.1.0/build_android_v4l/CMakeFiles/CMakeTmp”
gmake: *** [cmTC_078c4/fast] 错误 2


Determining if the include file ffmpeg/avformat.h exists failed with the following output:
Change Dir: /home/panxiaogong/3rdparty/android/opencv-3.1.0/build_android_v4l/CMakeFiles/CMakeTmp

Run Build Command(s):/usr/bin/gmake cmTC_983d0/fast 
/usr/bin/gmake -f CMakeFiles/cmTC_983d0.dir/build.make CMakeFiles/cmTC_983d0.dir/build
gmake[1]: 进入目录“/home/panxiaogong/3rdparty/android/opencv-3.1.0/build_android_v4l/CMakeFiles/CMakeTmp”
Building C object CMakeFiles/cmTC_983d0.dir/CheckIncludeFile.c.o
/home/panxiaogong/3rdparty/android-ndk-r16b/toolchains/llvm/prebuilt/linux-x86_64/bin/clang --target=aarch64-none-linux-android --gcc-toolchain=/home/panxiaogong/3rdparty/android-ndk-r16b/toolchains/aarch64-linux-android-4.9/prebuilt/linux-x86_64 --sysroot=/home/panxiaogong/3rdparty/android-ndk-r16b/sysroot   -isystem /home/panxiaogong/3rdparty/android-ndk-r16b/sysroot/usr/include/aarch64-linux-android -D__ANDROID_API__=27 -g -DANDROID -ffunction-sections -funwind-tables -fstack-protector-strong -no-canonical-prefixes -Wa,--noexecstack -Wformat -Werror=format-security    -fsigned-char -W -Werror=return-type -Werror=non-virtual-dtor -Werror=address -Werror=sequence-point -Wformat -Werror=format-security -Wmissing-declarations -Wmissing-prototypes -Wstrict-prototypes -Wundef -Winit-self -Wpointer-arith -Wshadow -Wsign-promo -Wno-narrowing -Wno-delete-non-virtual-dtor -Wno-unnamed-type-template-args -fdiagnostics-show-option -Qunused-arguments -fomit-frame-pointer -fvisibility=hidden -fvisibility-inlines-hidden  -O2 -DNDEBUG  -fPIE   -o CMakeFiles/cmTC_983d0.dir/CheckIncludeFile.c.o   -c /home/panxiaogong/3rdparty/android/opencv-3.1.0/build_android_v4l/CMakeFiles/CMakeTmp/CheckIncludeFile.c
/home/panxiaogong/3rdparty/android/opencv-3.1.0/build_android_v4l/CMakeFiles/CMakeTmp/CheckIncludeFile.c:1:10: fatal error: 'ffmpeg/avformat.h' file not found
#include <ffmpeg/avformat.h>
         ^~~~~~~~~~~~~~~~~~~
1 error generated.
gmake[1]: *** [CMakeFiles/cmTC_983d0.dir/CheckIncludeFile.c.o] 错误 1
gmake[1]: 离开目录“/home/panxiaogong/3rdparty/android/opencv-3.1.0/build_android_v4l/CMakeFiles/CMakeTmp”
gmake: *** [cmTC_983d0/fast] 错误 2


