The target system is: Android - 1 - aarch64
The host system is: Linux - 3.10.0-514.el7.x86_64 - x86_64
Determining if the C compiler works passed with the following output:
Change Dir: /home/panxiaogong/3rdparty/android/opencv-3.1.0/samples/build/CMakeFiles/CMakeTmp

Run Build Command(s):/usr/bin/gmake cmTC_c8388/fast 
/usr/bin/gmake -f CMakeFiles/cmTC_c8388.dir/build.make CMakeFiles/cmTC_c8388.dir/build
gmake[1]: 进入目录“/home/panxiaogong/3rdparty/android/opencv-3.1.0/samples/build/CMakeFiles/CMakeTmp”
Building C object CMakeFiles/cmTC_c8388.dir/testCCompiler.c.o
/home/panxiaogong/3rdparty/android-ndk-r16b/toolchains/llvm/prebuilt/linux-x86_64/bin/clang --target=aarch64-none-linux-android --gcc-toolchain=/home/panxiaogong/3rdparty/android-ndk-r16b/toolchains/aarch64-linux-android-4.9/prebuilt/linux-x86_64 --sysroot=/home/panxiaogong/3rdparty/android-ndk-r16b/sysroot   -isystem /home/panxiaogong/3rdparty/android-ndk-r16b/sysroot/usr/include/aarch64-linux-android -D__ANDROID_API__=27 -g -DANDROID -ffunction-sections -funwind-tables -fstack-protector-strong -no-canonical-prefixes -Wa,--noexecstack -Wformat -Werror=format-security   -fPIE   -o CMakeFiles/cmTC_c8388.dir/testCCompiler.c.o   -c /home/panxiaogong/3rdparty/android/opencv-3.1.0/samples/build/CMakeFiles/CMakeTmp/testCCompiler.c
Linking C executable cmTC_c8388
/home/panxiaogong/3rdparty/cmake-3.14.0-rc2-Linux-x86_64/bin/cmake -E cmake_link_script CMakeFiles/cmTC_c8388.dir/link.txt --verbose=1
/home/panxiaogong/3rdparty/android-ndk-r16b/toolchains/llvm/prebuilt/linux-x86_64/bin/clang --target=aarch64-none-linux-android --gcc-toolchain=/home/panxiaogong/3rdparty/android-ndk-r16b/toolchains/aarch64-linux-android-4.9/prebuilt/linux-x86_64 --sysroot=/home/panxiaogong/3rdparty/android-ndk-r16b/sysroot -isystem /home/panxiaogong/3rdparty/android-ndk-r16b/sysroot/usr/include/aarch64-linux-android -D__ANDROID_API__=27 -g -DANDROID -ffunction-sections -funwind-tables -fstack-protector-strong -no-canonical-prefixes -Wa,--noexecstack -Wformat -Werror=format-security    -Wl,--exclude-libs,libgcc.a -Wl,--exclude-libs,libatomic.a --sysroot /home/panxiaogong/3rdparty/android-ndk-r16b/platforms/android-27/arch-arm64 -Wl,--build-id -Wl,--warn-shared-textrel -Wl,--fatal-warnings -L/home/panxiaogong/3rdparty/android-ndk-r16b/sources/cxx-stl/llvm-libc++/libs/arm64-v8a -Wl,--no-undefined -Wl,-z,noexecstack -Qunused-arguments -Wl,-z,relro -Wl,-z,now -Wl,--gc-sections -Wl,-z,nocopyreloc -pie -fPIE   CMakeFiles/cmTC_c8388.dir/testCCompiler.c.o  -o cmTC_c8388 -latomic -lm 
gmake[1]: 离开目录“/home/panxiaogong/3rdparty/android/opencv-3.1.0/samples/build/CMakeFiles/CMakeTmp”


Detecting C compiler ABI info compiled with the following output:
Change Dir: /home/panxiaogong/3rdparty/android/opencv-3.1.0/samples/build/CMakeFiles/CMakeTmp

Run Build Command(s):/usr/bin/gmake cmTC_f7fb4/fast 
/usr/bin/gmake -f CMakeFiles/cmTC_f7fb4.dir/build.make CMakeFiles/cmTC_f7fb4.dir/build
gmake[1]: Entering directory `/home/panxiaogong/3rdparty/android/opencv-3.1.0/samples/build/CMakeFiles/CMakeTmp'
Building C object CMakeFiles/cmTC_f7fb4.dir/CMakeCCompilerABI.c.o
/home/panxiaogong/3rdparty/android-ndk-r16b/toolchains/llvm/prebuilt/linux-x86_64/bin/clang --target=aarch64-none-linux-android --gcc-toolchain=/home/panxiaogong/3rdparty/android-ndk-r16b/toolchains/aarch64-linux-android-4.9/prebuilt/linux-x86_64 --sysroot=/home/panxiaogong/3rdparty/android-ndk-r16b/sysroot   -isystem /home/panxiaogong/3rdparty/android-ndk-r16b/sysroot/usr/include/aarch64-linux-android -D__ANDROID_API__=27 -g -DANDROID -ffunction-sections -funwind-tables -fstack-protector-strong -no-canonical-prefixes -Wa,--noexecstack -Wformat -Werror=format-security   -fPIE   -v -o CMakeFiles/cmTC_f7fb4.dir/CMakeCCompilerABI.c.o   -c /home/panxiaogong/3rdparty/cmake-3.14.0-rc2-Linux-x86_64/share/cmake-3.14/Modules/CMakeCCompilerABI.c
Android clang version 5.0.300080  (based on LLVM 5.0.300080)
Target: aarch64-none-linux-android
Thread model: posix
InstalledDir: /home/panxiaogong/3rdparty/android-ndk-r16b/toolchains/llvm/prebuilt/linux-x86_64/bin
Found candidate GCC installation: /home/panxiaogong/3rdparty/android-ndk-r16b/toolchains/aarch64-linux-android-4.9/prebuilt/linux-x86_64/lib/gcc/aarch64-linux-android/4.9.x
Selected GCC installation: /home/panxiaogong/3rdparty/android-ndk-r16b/toolchains/aarch64-linux-android-4.9/prebuilt/linux-x86_64/lib/gcc/aarch64-linux-android/4.9.x
Candidate multilib: .;@m64
Selected multilib: .;@m64
 "/home/panxiaogong/3rdparty/android-ndk-r16b/toolchains/llvm/prebuilt/linux-x86_64/bin/clang" -cc1 -triple aarch64-none-linux-android -emit-obj -mrelax-all -mnoexecstack -disable-free -disable-llvm-verifier -discard-value-names -main-file-name CMakeCCompilerABI.c -mrelocation-model pic -pic-level 2 -pic-is-pie -mthread-model posix -mdisable-fp-elim -fmath-errno -masm-verbose -mconstructor-aliases -munwind-tables -fuse-init-array -target-cpu generic -target-feature +neon -target-abi aapcs -backend-option -aarch64-fix-cortex-a53-835769=1 -target-linker-version 2.24 -v -dwarf-column-info -debug-info-kind=limited -dwarf-version=4 -debugger-tuning=gdb -ffunction-sections -coverage-notes-file /home/panxiaogong/3rdparty/android/opencv-3.1.0/samples/build/CMakeFiles/CMakeTmp/CMakeFiles/cmTC_f7fb4.dir/CMakeCCompilerABI.c.gcno -resource-dir /home/panxiaogong/3rdparty/android-ndk-r16b/toolchains/llvm/prebuilt/linux-x86_64/lib64/clang/5.0.300080 -isystem /home/panxiaogong/3rdparty/android-ndk-r16b/sysroot/usr/include/aarch64-linux-android -D __ANDROID_API__=27 -D ANDROID -isysroot /home/panxiaogong/3rdparty/android-ndk-r16b/sysroot -internal-isystem /home/panxiaogong/3rdparty/android-ndk-r16b/sysroot/usr/local/include -internal-isystem /home/panxiaogong/3rdparty/android-ndk-r16b/toolchains/llvm/prebuilt/linux-x86_64/lib64/clang/5.0.300080/include -internal-externc-isystem /home/panxiaogong/3rdparty/android-ndk-r16b/sysroot/include -internal-externc-isystem /home/panxiaogong/3rdparty/android-ndk-r16b/sysroot/usr/include -Wformat -Werror=format-security -fdebug-compilation-dir /home/panxiaogong/3rdparty/android/opencv-3.1.0/samples/build/CMakeFiles/CMakeTmp -ferror-limit 19 -fmessage-length 0 -femulated-tls -stack-protector 2 -fallow-half-arguments-and-returns -fno-signed-char -fobjc-runtime=gcc -fdiagnostics-show-option -o CMakeFiles/cmTC_f7fb4.dir/CMakeCCompilerABI.c.o -x c /home/panxiaogong/3rdparty/cmake-3.14.0-rc2-Linux-x86_64/share/cmake-3.14/Modules/CMakeCCompilerABI.c
clang -cc1 version 5.0.300080 based upon LLVM 5.0.300080 default target x86_64-unknown-linux
ignoring nonexistent directory "/home/panxiaogong/3rdparty/android-ndk-r16b/sysroot/usr/local/include"
ignoring nonexistent directory "/home/panxiaogong/3rdparty/android-ndk-r16b/sysroot/include"
#include "..." search starts here:
#include <...> search starts here:
 /home/panxiaogong/3rdparty/android-ndk-r16b/sysroot/usr/include/aarch64-linux-android
 /home/panxiaogong/3rdparty/android-ndk-r16b/toolchains/llvm/prebuilt/linux-x86_64/lib64/clang/5.0.300080/include
 /home/panxiaogong/3rdparty/android-ndk-r16b/sysroot/usr/include
End of search list.
Linking C executable cmTC_f7fb4
/home/panxiaogong/3rdparty/cmake-3.14.0-rc2-Linux-x86_64/bin/cmake -E cmake_link_script CMakeFiles/cmTC_f7fb4.dir/link.txt --verbose=1
/home/panxiaogong/3rdparty/android-ndk-r16b/toolchains/llvm/prebuilt/linux-x86_64/bin/clang --target=aarch64-none-linux-android --gcc-toolchain=/home/panxiaogong/3rdparty/android-ndk-r16b/toolchains/aarch64-linux-android-4.9/prebuilt/linux-x86_64 --sysroot=/home/panxiaogong/3rdparty/android-ndk-r16b/sysroot -isystem /home/panxiaogong/3rdparty/android-ndk-r16b/sysroot/usr/include/aarch64-linux-android -D__ANDROID_API__=27 -g -DANDROID -ffunction-sections -funwind-tables -fstack-protector-strong -no-canonical-prefixes -Wa,--noexecstack -Wformat -Werror=format-security    -Wl,--exclude-libs,libgcc.a -Wl,--exclude-libs,libatomic.a --sysroot /home/panxiaogong/3rdparty/android-ndk-r16b/platforms/android-27/arch-arm64 -Wl,--build-id -Wl,--warn-shared-textrel -Wl,--fatal-warnings -L/home/panxiaogong/3rdparty/android-ndk-r16b/sources/cxx-stl/llvm-libc++/libs/arm64-v8a -Wl,--no-undefined -Wl,-z,noexecstack -Qunused-arguments -Wl,-z,relro -Wl,-z,now -Wl,--gc-sections -Wl,-z,nocopyreloc -pie -fPIE  -v CMakeFiles/cmTC_f7fb4.dir/CMakeCCompilerABI.c.o  -o cmTC_f7fb4 
Android clang version 5.0.300080  (based on LLVM 5.0.300080)
Target: aarch64-none-linux-android
Thread model: posix
InstalledDir: /home/panxiaogong/3rdparty/android-ndk-r16b/toolchains/llvm/prebuilt/linux-x86_64/bin
Found candidate GCC installation: /home/panxiaogong/3rdparty/android-ndk-r16b/toolchains/aarch64-linux-android-4.9/prebuilt/linux-x86_64/lib/gcc/aarch64-linux-android/4.9.x
Selected GCC installation: /home/panxiaogong/3rdparty/android-ndk-r16b/toolchains/aarch64-linux-android-4.9/prebuilt/linux-x86_64/lib/gcc/aarch64-linux-android/4.9.x
Candidate multilib: .;@m64
Selected multilib: .;@m64
 "/home/panxiaogong/3rdparty/android-ndk-r16b/toolchains/aarch64-linux-android-4.9/prebuilt/linux-x86_64/lib/gcc/aarch64-linux-android/4.9.x/../../../../aarch64-linux-android/bin/ld" --sysroot=/home/panxiaogong/3rdparty/android-ndk-r16b/platforms/android-27/arch-arm64 -pie --fix-cortex-a53-843419 --no-add-needed --eh-frame-hdr -m aarch64linux -dynamic-linker /system/bin/linker64 -o cmTC_f7fb4 /home/panxiaogong/3rdparty/android-ndk-r16b/platforms/android-27/arch-arm64/usr/lib/crtbegin_dynamic.o -L/home/panxiaogong/3rdparty/android-ndk-r16b/sources/cxx-stl/llvm-libc++/libs/arm64-v8a -L/home/panxiaogong/3rdparty/android-ndk-r16b/toolchains/llvm/prebuilt/linux-x86_64/lib64/clang/5.0.300080/lib/linux/aarch64 -L/home/panxiaogong/3rdparty/android-ndk-r16b/toolchains/aarch64-linux-android-4.9/prebuilt/linux-x86_64/lib/gcc/aarch64-linux-android/4.9.x -L/home/panxiaogong/3rdparty/android-ndk-r16b/toolchains/aarch64-linux-android-4.9/prebuilt/linux-x86_64/lib/gcc/aarch64-linux-android/4.9.x/../../../../aarch64-linux-android/lib/../lib64 -L/home/panxiaogong/3rdparty/android-ndk-r16b/toolchains/aarch64-linux-android-4.9/prebuilt/linux-x86_64/lib/gcc/aarch64-linux-android/4.9.x/../../../../aarch64-linux-android/lib -L/home/panxiaogong/3rdparty/android-ndk-r16b/platforms/android-27/arch-arm64/usr/lib --exclude-libs libgcc.a --exclude-libs libatomic.a --build-id --warn-shared-textrel --fatal-warnings --no-undefined -z noexecstack -z relro -z now --gc-sections -z nocopyreloc CMakeFiles/cmTC_f7fb4.dir/CMakeCCompilerABI.c.o -lgcc -ldl -lc -lgcc -ldl /home/panxiaogong/3rdparty/android-ndk-r16b/platforms/android-27/arch-arm64/usr/lib/crtend_android.o
gmake[1]: Leaving directory `/home/panxiaogong/3rdparty/android/opencv-3.1.0/samples/build/CMakeFiles/CMakeTmp'


Parsed C implicit include dir info from above output: rv=done
  found start of include info
  found start of implicit include info
    add: [/home/panxiaogong/3rdparty/android-ndk-r16b/sysroot/usr/include/aarch64-linux-android]
    add: [/home/panxiaogong/3rdparty/android-ndk-r16b/toolchains/llvm/prebuilt/linux-x86_64/lib64/clang/5.0.300080/include]
    add: [/home/panxiaogong/3rdparty/android-ndk-r16b/sysroot/usr/include]
  end of search list found
  implicit include dirs: [/home/panxiaogong/3rdparty/android-ndk-r16b/sysroot/usr/include/aarch64-linux-android;/home/panxiaogong/3rdparty/android-ndk-r16b/toolchains/llvm/prebuilt/linux-x86_64/lib64/clang/5.0.300080/include;/home/panxiaogong/3rdparty/android-ndk-r16b/sysroot/usr/include]


Parsed C implicit link information from above output:
  link line regex: [^( *|.*[/\])(aarch64-linux-android-ld|CMAKE_LINK_STARTFILE-NOTFOUND|([^/\]+-)?ld|collect2)[^/\]*( |$)]
  ignore line: [Change Dir: /home/panxiaogong/3rdparty/android/opencv-3.1.0/samples/build/CMakeFiles/CMakeTmp]
  ignore line: []
  ignore line: [Run Build Command(s):/usr/bin/gmake cmTC_f7fb4/fast ]
  ignore line: [/usr/bin/gmake -f CMakeFiles/cmTC_f7fb4.dir/build.make CMakeFiles/cmTC_f7fb4.dir/build]
  ignore line: [gmake[1]: Entering directory `/home/panxiaogong/3rdparty/android/opencv-3.1.0/samples/build/CMakeFiles/CMakeTmp']
  ignore line: [Building C object CMakeFiles/cmTC_f7fb4.dir/CMakeCCompilerABI.c.o]
  ignore line: [/home/panxiaogong/3rdparty/android-ndk-r16b/toolchains/llvm/prebuilt/linux-x86_64/bin/clang --target=aarch64-none-linux-android --gcc-toolchain=/home/panxiaogong/3rdparty/android-ndk-r16b/toolchains/aarch64-linux-android-4.9/prebuilt/linux-x86_64 --sysroot=/home/panxiaogong/3rdparty/android-ndk-r16b/sysroot   -isystem /home/panxiaogong/3rdparty/android-ndk-r16b/sysroot/usr/include/aarch64-linux-android -D__ANDROID_API__=27 -g -DANDROID -ffunction-sections -funwind-tables -fstack-protector-strong -no-canonical-prefixes -Wa,--noexecstack -Wformat -Werror=format-security   -fPIE   -v -o CMakeFiles/cmTC_f7fb4.dir/CMakeCCompilerABI.c.o   -c /home/panxiaogong/3rdparty/cmake-3.14.0-rc2-Linux-x86_64/share/cmake-3.14/Modules/CMakeCCompilerABI.c]
  ignore line: [Android clang version 5.0.300080  (based on LLVM 5.0.300080)]
  ignore line: [Target: aarch64-none-linux-android]
  ignore line: [Thread model: posix]
  ignore line: [InstalledDir: /home/panxiaogong/3rdparty/android-ndk-r16b/toolchains/llvm/prebuilt/linux-x86_64/bin]
  ignore line: [Found candidate GCC installation: /home/panxiaogong/3rdparty/android-ndk-r16b/toolchains/aarch64-linux-android-4.9/prebuilt/linux-x86_64/lib/gcc/aarch64-linux-android/4.9.x]
  ignore line: [Selected GCC installation: /home/panxiaogong/3rdparty/android-ndk-r16b/toolchains/aarch64-linux-android-4.9/prebuilt/linux-x86_64/lib/gcc/aarch64-linux-android/4.9.x]
  ignore line: [Candidate multilib: .]
  ignore line: [@m64]
  ignore line: [Selected multilib: .]
  ignore line: [@m64]
  ignore line: [ "/home/panxiaogong/3rdparty/android-ndk-r16b/toolchains/llvm/prebuilt/linux-x86_64/bin/clang" -cc1 -triple aarch64-none-linux-android -emit-obj -mrelax-all -mnoexecstack -disable-free -disable-llvm-verifier -discard-value-names -main-file-name CMakeCCompilerABI.c -mrelocation-model pic -pic-level 2 -pic-is-pie -mthread-model posix -mdisable-fp-elim -fmath-errno -masm-verbose -mconstructor-aliases -munwind-tables -fuse-init-array -target-cpu generic -target-feature +neon -target-abi aapcs -backend-option -aarch64-fix-cortex-a53-835769=1 -target-linker-version 2.24 -v -dwarf-column-info -debug-info-kind=limited -dwarf-version=4 -debugger-tuning=gdb -ffunction-sections -coverage-notes-file /home/panxiaogong/3rdparty/android/opencv-3.1.0/samples/build/CMakeFiles/CMakeTmp/CMakeFiles/cmTC_f7fb4.dir/CMakeCCompilerABI.c.gcno -resource-dir /home/panxiaogong/3rdparty/android-ndk-r16b/toolchains/llvm/prebuilt/linux-x86_64/lib64/clang/5.0.300080 -isystem /home/panxiaogong/3rdparty/android-ndk-r16b/sysroot/usr/include/aarch64-linux-android -D __ANDROID_API__=27 -D ANDROID -isysroot /home/panxiaogong/3rdparty/android-ndk-r16b/sysroot -internal-isystem /home/panxiaogong/3rdparty/android-ndk-r16b/sysroot/usr/local/include -internal-isystem /home/panxiaogong/3rdparty/android-ndk-r16b/toolchains/llvm/prebuilt/linux-x86_64/lib64/clang/5.0.300080/include -internal-externc-isystem /home/panxiaogong/3rdparty/android-ndk-r16b/sysroot/include -internal-externc-isystem /home/panxiaogong/3rdparty/android-ndk-r16b/sysroot/usr/include -Wformat -Werror=format-security -fdebug-compilation-dir /home/panxiaogong/3rdparty/android/opencv-3.1.0/samples/build/CMakeFiles/CMakeTmp -ferror-limit 19 -fmessage-length 0 -femulated-tls -stack-protector 2 -fallow-half-arguments-and-returns -fno-signed-char -fobjc-runtime=gcc -fdiagnostics-show-option -o CMakeFiles/cmTC_f7fb4.dir/CMakeCCompilerABI.c.o -x c /home/panxiaogong/3rdparty/cmake-3.14.0-rc2-Linux-x86_64/share/cmake-3.14/Modules/CMakeCCompilerABI.c]
  ignore line: [clang -cc1 version 5.0.300080 based upon LLVM 5.0.300080 default target x86_64-unknown-linux]
  ignore line: [ignoring nonexistent directory "/home/panxiaogong/3rdparty/android-ndk-r16b/sysroot/usr/local/include"]
  ignore line: [ignoring nonexistent directory "/home/panxiaogong/3rdparty/android-ndk-r16b/sysroot/include"]
  ignore line: [#include "..." search starts here:]
  ignore line: [#include <...> search starts here:]
  ignore line: [ /home/panxiaogong/3rdparty/android-ndk-r16b/sysroot/usr/include/aarch64-linux-android]
  ignore line: [ /home/panxiaogong/3rdparty/android-ndk-r16b/toolchains/llvm/prebuilt/linux-x86_64/lib64/clang/5.0.300080/include]
  ignore line: [ /home/panxiaogong/3rdparty/android-ndk-r16b/sysroot/usr/include]
  ignore line: [End of search list.]
  ignore line: [Linking C executable cmTC_f7fb4]
  ignore line: [/home/panxiaogong/3rdparty/cmake-3.14.0-rc2-Linux-x86_64/bin/cmake -E cmake_link_script CMakeFiles/cmTC_f7fb4.dir/link.txt --verbose=1]
  ignore line: [/home/panxiaogong/3rdparty/android-ndk-r16b/toolchains/llvm/prebuilt/linux-x86_64/bin/clang --target=aarch64-none-linux-android --gcc-toolchain=/home/panxiaogong/3rdparty/android-ndk-r16b/toolchains/aarch64-linux-android-4.9/prebuilt/linux-x86_64 --sysroot=/home/panxiaogong/3rdparty/android-ndk-r16b/sysroot -isystem /home/panxiaogong/3rdparty/android-ndk-r16b/sysroot/usr/include/aarch64-linux-android -D__ANDROID_API__=27 -g -DANDROID -ffunction-sections -funwind-tables -fstack-protector-strong -no-canonical-prefixes -Wa,--noexecstack -Wformat -Werror=format-security    -Wl,--exclude-libs,libgcc.a -Wl,--exclude-libs,libatomic.a --sysroot /home/panxiaogong/3rdparty/android-ndk-r16b/platforms/android-27/arch-arm64 -Wl,--build-id -Wl,--warn-shared-textrel -Wl,--fatal-warnings -L/home/panxiaogong/3rdparty/android-ndk-r16b/sources/cxx-stl/llvm-libc++/libs/arm64-v8a -Wl,--no-undefined -Wl,-z,noexecstack -Qunused-arguments -Wl,-z,relro -Wl,-z,now -Wl,--gc-sections -Wl,-z,nocopyreloc -pie -fPIE  -v CMakeFiles/cmTC_f7fb4.dir/CMakeCCompilerABI.c.o  -o cmTC_f7fb4 ]
  ignore line: [Android clang version 5.0.300080  (based on LLVM 5.0.300080)]
  ignore line: [Target: aarch64-none-linux-android]
  ignore line: [Thread model: posix]
  ignore line: [InstalledDir: /home/panxiaogong/3rdparty/android-ndk-r16b/toolchains/llvm/prebuilt/linux-x86_64/bin]
  ignore line: [Found candidate GCC installation: /home/panxiaogong/3rdparty/android-ndk-r16b/toolchains/aarch64-linux-android-4.9/prebuilt/linux-x86_64/lib/gcc/aarch64-linux-android/4.9.x]
  ignore line: [Selected GCC installation: /home/panxiaogong/3rdparty/android-ndk-r16b/toolchains/aarch64-linux-android-4.9/prebuilt/linux-x86_64/lib/gcc/aarch64-linux-android/4.9.x]
  ignore line: [Candidate multilib: .]
  ignore line: [@m64]
  ignore line: [Selected multilib: .]
  ignore line: [@m64]
  link line: [ "/home/panxiaogong/3rdparty/android-ndk-r16b/toolchains/aarch64-linux-android-4.9/prebuilt/linux-x86_64/lib/gcc/aarch64-linux-android/4.9.x/../../../../aarch64-linux-android/bin/ld" --sysroot=/home/panxiaogong/3rdparty/android-ndk-r16b/platforms/android-27/arch-arm64 -pie --fix-cortex-a53-843419 --no-add-needed --eh-frame-hdr -m aarch64linux -dynamic-linker /system/bin/linker64 -o cmTC_f7fb4 /home/panxiaogong/3rdparty/android-ndk-r16b/platforms/android-27/arch-arm64/usr/lib/crtbegin_dynamic.o -L/home/panxiaogong/3rdparty/android-ndk-r16b/sources/cxx-stl/llvm-libc++/libs/arm64-v8a -L/home/panxiaogong/3rdparty/android-ndk-r16b/toolchains/llvm/prebuilt/linux-x86_64/lib64/clang/5.0.300080/lib/linux/aarch64 -L/home/panxiaogong/3rdparty/android-ndk-r16b/toolchains/aarch64-linux-android-4.9/prebuilt/linux-x86_64/lib/gcc/aarch64-linux-android/4.9.x -L/home/panxiaogong/3rdparty/android-ndk-r16b/toolchains/aarch64-linux-android-4.9/prebuilt/linux-x86_64/lib/gcc/aarch64-linux-android/4.9.x/../../../../aarch64-linux-android/lib/../lib64 -L/home/panxiaogong/3rdparty/android-ndk-r16b/toolchains/aarch64-linux-android-4.9/prebuilt/linux-x86_64/lib/gcc/aarch64-linux-android/4.9.x/../../../../aarch64-linux-android/lib -L/home/panxiaogong/3rdparty/android-ndk-r16b/platforms/android-27/arch-arm64/usr/lib --exclude-libs libgcc.a --exclude-libs libatomic.a --build-id --warn-shared-textrel --fatal-warnings --no-undefined -z noexecstack -z relro -z now --gc-sections -z nocopyreloc CMakeFiles/cmTC_f7fb4.dir/CMakeCCompilerABI.c.o -lgcc -ldl -lc -lgcc -ldl /home/panxiaogong/3rdparty/android-ndk-r16b/platforms/android-27/arch-arm64/usr/lib/crtend_android.o]
    arg [/home/panxiaogong/3rdparty/android-ndk-r16b/toolchains/aarch64-linux-android-4.9/prebuilt/linux-x86_64/lib/gcc/aarch64-linux-android/4.9.x/../../../../aarch64-linux-android/bin/ld] ==> ignore
    arg [--sysroot=/home/panxiaogong/3rdparty/android-ndk-r16b/platforms/android-27/arch-arm64] ==> ignore
    arg [-pie] ==> ignore
    arg [--fix-cortex-a53-843419] ==> ignore
    arg [--no-add-needed] ==> ignore
    arg [--eh-frame-hdr] ==> ignore
    arg [-m] ==> ignore
    arg [aarch64linux] ==> ignore
    arg [-dynamic-linker] ==> ignore
    arg [/system/bin/linker64] ==> ignore
    arg [-o] ==> ignore
    arg [cmTC_f7fb4] ==> ignore
    arg [/home/panxiaogong/3rdparty/android-ndk-r16b/platforms/android-27/arch-arm64/usr/lib/crtbegin_dynamic.o] ==> ignore
    arg [-L/home/panxiaogong/3rdparty/android-ndk-r16b/sources/cxx-stl/llvm-libc++/libs/arm64-v8a] ==> dir [/home/panxiaogong/3rdparty/android-ndk-r16b/sources/cxx-stl/llvm-libc++/libs/arm64-v8a]
    arg [-L/home/panxiaogong/3rdparty/android-ndk-r16b/toolchains/llvm/prebuilt/linux-x86_64/lib64/clang/5.0.300080/lib/linux/aarch64] ==> dir [/home/panxiaogong/3rdparty/android-ndk-r16b/toolchains/llvm/prebuilt/linux-x86_64/lib64/clang/5.0.300080/lib/linux/aarch64]
    arg [-L/home/panxiaogong/3rdparty/android-ndk-r16b/toolchains/aarch64-linux-android-4.9/prebuilt/linux-x86_64/lib/gcc/aarch64-linux-android/4.9.x] ==> dir [/home/panxiaogong/3rdparty/android-ndk-r16b/toolchains/aarch64-linux-android-4.9/prebuilt/linux-x86_64/lib/gcc/aarch64-linux-android/4.9.x]
    arg [-L/home/panxiaogong/3rdparty/android-ndk-r16b/toolchains/aarch64-linux-android-4.9/prebuilt/linux-x86_64/lib/gcc/aarch64-linux-android/4.9.x/../../../../aarch64-linux-android/lib/../lib64] ==> dir [/home/panxiaogong/3rdparty/android-ndk-r16b/toolchains/aarch64-linux-android-4.9/prebuilt/linux-x86_64/lib/gcc/aarch64-linux-android/4.9.x/../../../../aarch64-linux-android/lib/../lib64]
    arg [-L/home/panxiaogong/3rdparty/android-ndk-r16b/toolchains/aarch64-linux-android-4.9/prebuilt/linux-x86_64/lib/gcc/aarch64-linux-android/4.9.x/../../../../aarch64-linux-android/lib] ==> dir [/home/panxiaogong/3rdparty/android-ndk-r16b/toolchains/aarch64-linux-android-4.9/prebuilt/linux-x86_64/lib/gcc/aarch64-linux-android/4.9.x/../../../../aarch64-linux-android/lib]
    arg [-L/home/panxiaogong/3rdparty/android-ndk-r16b/platforms/android-27/arch-arm64/usr/lib] ==> dir [/home/panxiaogong/3rdparty/android-ndk-r16b/platforms/android-27/arch-arm64/usr/lib]
    arg [--exclude-libs] ==> ignore
    arg [libgcc.a] ==> ignore
    arg [--exclude-libs] ==> ignore
    arg [libatomic.a] ==> ignore
    arg [--build-id] ==> ignore
    arg [--warn-shared-textrel] ==> ignore
    arg [--fatal-warnings] ==> ignore
    arg [--no-undefined] ==> ignore
    arg [-znoexecstack] ==> ignore
    arg [-zrelro] ==> ignore
    arg [-znow] ==> ignore
    arg [--gc-sections] ==> ignore
    arg [-znocopyreloc] ==> ignore
    arg [CMakeFiles/cmTC_f7fb4.dir/CMakeCCompilerABI.c.o] ==> ignore
    arg [-lgcc] ==> lib [gcc]
    arg [-ldl] ==> lib [dl]
    arg [-lc] ==> lib [c]
    arg [-lgcc] ==> lib [gcc]
    arg [-ldl] ==> lib [dl]
    arg [/home/panxiaogong/3rdparty/android-ndk-r16b/platforms/android-27/arch-arm64/usr/lib/crtend_android.o] ==> ignore
  collapse library dir [/home/panxiaogong/3rdparty/android-ndk-r16b/sources/cxx-stl/llvm-libc++/libs/arm64-v8a] ==> [/home/panxiaogong/3rdparty/android-ndk-r16b/sources/cxx-stl/llvm-libc++/libs/arm64-v8a]
  collapse library dir [/home/panxiaogong/3rdparty/android-ndk-r16b/toolchains/llvm/prebuilt/linux-x86_64/lib64/clang/5.0.300080/lib/linux/aarch64] ==> [/home/panxiaogong/3rdparty/android-ndk-r16b/toolchains/llvm/prebuilt/linux-x86_64/lib64/clang/5.0.300080/lib/linux/aarch64]
  collapse library dir [/home/panxiaogong/3rdparty/android-ndk-r16b/toolchains/aarch64-linux-android-4.9/prebuilt/linux-x86_64/lib/gcc/aarch64-linux-android/4.9.x] ==> [/home/panxiaogong/3rdparty/android-ndk-r16b/toolchains/aarch64-linux-android-4.9/prebuilt/linux-x86_64/lib/gcc/aarch64-linux-android/4.9.x]
  collapse library dir [/home/panxiaogong/3rdparty/android-ndk-r16b/toolchains/aarch64-linux-android-4.9/prebuilt/linux-x86_64/lib/gcc/aarch64-linux-android/4.9.x/../../../../aarch64-linux-android/lib/../lib64] ==> [/home/panxiaogong/3rdparty/android-ndk-r16b/toolchains/aarch64-linux-android-4.9/prebuilt/linux-x86_64/aarch64-linux-android/lib64]
  collapse library dir [/home/panxiaogong/3rdparty/android-ndk-r16b/toolchains/aarch64-linux-android-4.9/prebuilt/linux-x86_64/lib/gcc/aarch64-linux-android/4.9.x/../../../../aarch64-linux-android/lib] ==> [/home/panxiaogong/3rdparty/android-ndk-r16b/toolchains/aarch64-linux-android-4.9/prebuilt/linux-x86_64/aarch64-linux-android/lib]
  collapse library dir [/home/panxiaogong/3rdparty/android-ndk-r16b/platforms/android-27/arch-arm64/usr/lib] ==> [/home/panxiaogong/3rdparty/android-ndk-r16b/platforms/android-27/arch-arm64/usr/lib]
  implicit libs: [gcc;dl;c;gcc;dl]
  implicit dirs: [/home/panxiaogong/3rdparty/android-ndk-r16b/sources/cxx-stl/llvm-libc++/libs/arm64-v8a;/home/panxiaogong/3rdparty/android-ndk-r16b/toolchains/llvm/prebuilt/linux-x86_64/lib64/clang/5.0.300080/lib/linux/aarch64;/home/panxiaogong/3rdparty/android-ndk-r16b/toolchains/aarch64-linux-android-4.9/prebuilt/linux-x86_64/lib/gcc/aarch64-linux-android/4.9.x;/home/panxiaogong/3rdparty/android-ndk-r16b/toolchains/aarch64-linux-android-4.9/prebuilt/linux-x86_64/aarch64-linux-android/lib64;/home/panxiaogong/3rdparty/android-ndk-r16b/toolchains/aarch64-linux-android-4.9/prebuilt/linux-x86_64/aarch64-linux-android/lib;/home/panxiaogong/3rdparty/android-ndk-r16b/platforms/android-27/arch-arm64/usr/lib]
  implicit fwks: []




Detecting C [-std=c11] compiler features compiled with the following output:
Change Dir: /home/panxiaogong/3rdparty/android/opencv-3.1.0/samples/build/CMakeFiles/CMakeTmp

Run Build Command(s):/usr/bin/gmake cmTC_616f7/fast 
/usr/bin/gmake -f CMakeFiles/cmTC_616f7.dir/build.make CMakeFiles/cmTC_616f7.dir/build
gmake[1]: 进入目录“/home/panxiaogong/3rdparty/android/opencv-3.1.0/samples/build/CMakeFiles/CMakeTmp”
Building C object CMakeFiles/cmTC_616f7.dir/feature_tests.c.o
/home/panxiaogong/3rdparty/android-ndk-r16b/toolchains/llvm/prebuilt/linux-x86_64/bin/clang --target=aarch64-none-linux-android --gcc-toolchain=/home/panxiaogong/3rdparty/android-ndk-r16b/toolchains/aarch64-linux-android-4.9/prebuilt/linux-x86_64 --sysroot=/home/panxiaogong/3rdparty/android-ndk-r16b/sysroot   -isystem /home/panxiaogong/3rdparty/android-ndk-r16b/sysroot/usr/include/aarch64-linux-android -D__ANDROID_API__=27 -g -DANDROID -ffunction-sections -funwind-tables -fstack-protector-strong -no-canonical-prefixes -Wa,--noexecstack -Wformat -Werror=format-security   -fPIE   -std=c11 -o CMakeFiles/cmTC_616f7.dir/feature_tests.c.o   -c /home/panxiaogong/3rdparty/android/opencv-3.1.0/samples/build/CMakeFiles/feature_tests.c
Linking C executable cmTC_616f7
/home/panxiaogong/3rdparty/cmake-3.14.0-rc2-Linux-x86_64/bin/cmake -E cmake_link_script CMakeFiles/cmTC_616f7.dir/link.txt --verbose=1
/home/panxiaogong/3rdparty/android-ndk-r16b/toolchains/llvm/prebuilt/linux-x86_64/bin/clang --target=aarch64-none-linux-android --gcc-toolchain=/home/panxiaogong/3rdparty/android-ndk-r16b/toolchains/aarch64-linux-android-4.9/prebuilt/linux-x86_64 --sysroot=/home/panxiaogong/3rdparty/android-ndk-r16b/sysroot -isystem /home/panxiaogong/3rdparty/android-ndk-r16b/sysroot/usr/include/aarch64-linux-android -D__ANDROID_API__=27 -g -DANDROID -ffunction-sections -funwind-tables -fstack-protector-strong -no-canonical-prefixes -Wa,--noexecstack -Wformat -Werror=format-security    -Wl,--exclude-libs,libgcc.a -Wl,--exclude-libs,libatomic.a --sysroot /home/panxiaogong/3rdparty/android-ndk-r16b/platforms/android-27/arch-arm64 -Wl,--build-id -Wl,--warn-shared-textrel -Wl,--fatal-warnings -L/home/panxiaogong/3rdparty/android-ndk-r16b/sources/cxx-stl/llvm-libc++/libs/arm64-v8a -Wl,--no-undefined -Wl,-z,noexecstack -Qunused-arguments -Wl,-z,relro -Wl,-z,now -Wl,--gc-sections -Wl,-z,nocopyreloc -pie -fPIE   CMakeFiles/cmTC_616f7.dir/feature_tests.c.o  -o cmTC_616f7 -latomic -lm 
gmake[1]: 离开目录“/home/panxiaogong/3rdparty/android/opencv-3.1.0/samples/build/CMakeFiles/CMakeTmp”


    Feature record: C_FEATURE:1c_function_prototypes
    Feature record: C_FEATURE:1c_restrict
    Feature record: C_FEATURE:1c_static_assert
    Feature record: C_FEATURE:1c_variadic_macros


Detecting C [-std=c99] compiler features compiled with the following output:
Change Dir: /home/panxiaogong/3rdparty/android/opencv-3.1.0/samples/build/CMakeFiles/CMakeTmp

Run Build Command(s):/usr/bin/gmake cmTC_b7848/fast 
/usr/bin/gmake -f CMakeFiles/cmTC_b7848.dir/build.make CMakeFiles/cmTC_b7848.dir/build
gmake[1]: 进入目录“/home/panxiaogong/3rdparty/android/opencv-3.1.0/samples/build/CMakeFiles/CMakeTmp”
Building C object CMakeFiles/cmTC_b7848.dir/feature_tests.c.o
/home/panxiaogong/3rdparty/android-ndk-r16b/toolchains/llvm/prebuilt/linux-x86_64/bin/clang --target=aarch64-none-linux-android --gcc-toolchain=/home/panxiaogong/3rdparty/android-ndk-r16b/toolchains/aarch64-linux-android-4.9/prebuilt/linux-x86_64 --sysroot=/home/panxiaogong/3rdparty/android-ndk-r16b/sysroot   -isystem /home/panxiaogong/3rdparty/android-ndk-r16b/sysroot/usr/include/aarch64-linux-android -D__ANDROID_API__=27 -g -DANDROID -ffunction-sections -funwind-tables -fstack-protector-strong -no-canonical-prefixes -Wa,--noexecstack -Wformat -Werror=format-security   -fPIE   -std=c99 -o CMakeFiles/cmTC_b7848.dir/feature_tests.c.o   -c /home/panxiaogong/3rdparty/android/opencv-3.1.0/samples/build/CMakeFiles/feature_tests.c
Linking C executable cmTC_b7848
/home/panxiaogong/3rdparty/cmake-3.14.0-rc2-Linux-x86_64/bin/cmake -E cmake_link_script CMakeFiles/cmTC_b7848.dir/link.txt --verbose=1
/home/panxiaogong/3rdparty/android-ndk-r16b/toolchains/llvm/prebuilt/linux-x86_64/bin/clang --target=aarch64-none-linux-android --gcc-toolchain=/home/panxiaogong/3rdparty/android-ndk-r16b/toolchains/aarch64-linux-android-4.9/prebuilt/linux-x86_64 --sysroot=/home/panxiaogong/3rdparty/android-ndk-r16b/sysroot -isystem /home/panxiaogong/3rdparty/android-ndk-r16b/sysroot/usr/include/aarch64-linux-android -D__ANDROID_API__=27 -g -DANDROID -ffunction-sections -funwind-tables -fstack-protector-strong -no-canonical-prefixes -Wa,--noexecstack -Wformat -Werror=format-security    -Wl,--exclude-libs,libgcc.a -Wl,--exclude-libs,libatomic.a --sysroot /home/panxiaogong/3rdparty/android-ndk-r16b/platforms/android-27/arch-arm64 -Wl,--build-id -Wl,--warn-shared-textrel -Wl,--fatal-warnings -L/home/panxiaogong/3rdparty/android-ndk-r16b/sources/cxx-stl/llvm-libc++/libs/arm64-v8a -Wl,--no-undefined -Wl,-z,noexecstack -Qunused-arguments -Wl,-z,relro -Wl,-z,now -Wl,--gc-sections -Wl,-z,nocopyreloc -pie -fPIE   CMakeFiles/cmTC_b7848.dir/feature_tests.c.o  -o cmTC_b7848 -latomic -lm 
gmake[1]: 离开目录“/home/panxiaogong/3rdparty/android/opencv-3.1.0/samples/build/CMakeFiles/CMakeTmp”


    Feature record: C_FEATURE:1c_function_prototypes
    Feature record: C_FEATURE:1c_restrict
    Feature record: C_FEATURE:0c_static_assert
    Feature record: C_FEATURE:1c_variadic_macros


Detecting C [-std=c90] compiler features compiled with the following output:
Change Dir: /home/panxiaogong/3rdparty/android/opencv-3.1.0/samples/build/CMakeFiles/CMakeTmp

Run Build Command(s):/usr/bin/gmake cmTC_9f99b/fast 
/usr/bin/gmake -f CMakeFiles/cmTC_9f99b.dir/build.make CMakeFiles/cmTC_9f99b.dir/build
gmake[1]: 进入目录“/home/panxiaogong/3rdparty/android/opencv-3.1.0/samples/build/CMakeFiles/CMakeTmp”
Building C object CMakeFiles/cmTC_9f99b.dir/feature_tests.c.o
/home/panxiaogong/3rdparty/android-ndk-r16b/toolchains/llvm/prebuilt/linux-x86_64/bin/clang --target=aarch64-none-linux-android --gcc-toolchain=/home/panxiaogong/3rdparty/android-ndk-r16b/toolchains/aarch64-linux-android-4.9/prebuilt/linux-x86_64 --sysroot=/home/panxiaogong/3rdparty/android-ndk-r16b/sysroot   -isystem /home/panxiaogong/3rdparty/android-ndk-r16b/sysroot/usr/include/aarch64-linux-android -D__ANDROID_API__=27 -g -DANDROID -ffunction-sections -funwind-tables -fstack-protector-strong -no-canonical-prefixes -Wa,--noexecstack -Wformat -Werror=format-security   -fPIE   -std=c90 -o CMakeFiles/cmTC_9f99b.dir/feature_tests.c.o   -c /home/panxiaogong/3rdparty/android/opencv-3.1.0/samples/build/CMakeFiles/feature_tests.c
Linking C executable cmTC_9f99b
/home/panxiaogong/3rdparty/cmake-3.14.0-rc2-Linux-x86_64/bin/cmake -E cmake_link_script CMakeFiles/cmTC_9f99b.dir/link.txt --verbose=1
/home/panxiaogong/3rdparty/android-ndk-r16b/toolchains/llvm/prebuilt/linux-x86_64/bin/clang --target=aarch64-none-linux-android --gcc-toolchain=/home/panxiaogong/3rdparty/android-ndk-r16b/toolchains/aarch64-linux-android-4.9/prebuilt/linux-x86_64 --sysroot=/home/panxiaogong/3rdparty/android-ndk-r16b/sysroot -isystem /home/panxiaogong/3rdparty/android-ndk-r16b/sysroot/usr/include/aarch64-linux-android -D__ANDROID_API__=27 -g -DANDROID -ffunction-sections -funwind-tables -fstack-protector-strong -no-canonical-prefixes -Wa,--noexecstack -Wformat -Werror=format-security    -Wl,--exclude-libs,libgcc.a -Wl,--exclude-libs,libatomic.a --sysroot /home/panxiaogong/3rdparty/android-ndk-r16b/platforms/android-27/arch-arm64 -Wl,--build-id -Wl,--warn-shared-textrel -Wl,--fatal-warnings -L/home/panxiaogong/3rdparty/android-ndk-r16b/sources/cxx-stl/llvm-libc++/libs/arm64-v8a -Wl,--no-undefined -Wl,-z,noexecstack -Qunused-arguments -Wl,-z,relro -Wl,-z,now -Wl,--gc-sections -Wl,-z,nocopyreloc -pie -fPIE   CMakeFiles/cmTC_9f99b.dir/feature_tests.c.o  -o cmTC_9f99b -latomic -lm 
gmake[1]: 离开目录“/home/panxiaogong/3rdparty/android/opencv-3.1.0/samples/build/CMakeFiles/CMakeTmp”


    Feature record: C_FEATURE:1c_function_prototypes
    Feature record: C_FEATURE:0c_restrict
    Feature record: C_FEATURE:0c_static_assert
    Feature record: C_FEATURE:0c_variadic_macros
Determining if the CXX compiler works passed with the following output:
Change Dir: /home/panxiaogong/3rdparty/android/opencv-3.1.0/samples/build/CMakeFiles/CMakeTmp

Run Build Command(s):/usr/bin/gmake cmTC_87240/fast 
/usr/bin/gmake -f CMakeFiles/cmTC_87240.dir/build.make CMakeFiles/cmTC_87240.dir/build
gmake[1]: 进入目录“/home/panxiaogong/3rdparty/android/opencv-3.1.0/samples/build/CMakeFiles/CMakeTmp”
Building CXX object CMakeFiles/cmTC_87240.dir/testCXXCompiler.cxx.o
/home/panxiaogong/3rdparty/android-ndk-r16b/toolchains/llvm/prebuilt/linux-x86_64/bin/clang++ --target=aarch64-none-linux-android --gcc-toolchain=/home/panxiaogong/3rdparty/android-ndk-r16b/toolchains/aarch64-linux-android-4.9/prebuilt/linux-x86_64 --sysroot=/home/panxiaogong/3rdparty/android-ndk-r16b/sysroot   -isystem /home/panxiaogong/3rdparty/android-ndk-r16b/sources/cxx-stl/llvm-libc++/include -isystem /home/panxiaogong/3rdparty/android-ndk-r16b/sources/android/support/include -isystem /home/panxiaogong/3rdparty/android-ndk-r16b/sources/cxx-stl/llvm-libc++abi/include  -isystem /home/panxiaogong/3rdparty/android-ndk-r16b/sysroot/usr/include/aarch64-linux-android -D__ANDROID_API__=27 -g -DANDROID -ffunction-sections -funwind-tables -fstack-protector-strong -no-canonical-prefixes -Wa,--noexecstack -Wformat -Werror=format-security -std=c++11   -fPIE   -o CMakeFiles/cmTC_87240.dir/testCXXCompiler.cxx.o -c /home/panxiaogong/3rdparty/android/opencv-3.1.0/samples/build/CMakeFiles/CMakeTmp/testCXXCompiler.cxx
Linking CXX executable cmTC_87240
/home/panxiaogong/3rdparty/cmake-3.14.0-rc2-Linux-x86_64/bin/cmake -E cmake_link_script CMakeFiles/cmTC_87240.dir/link.txt --verbose=1
/home/panxiaogong/3rdparty/android-ndk-r16b/toolchains/llvm/prebuilt/linux-x86_64/bin/clang++ --target=aarch64-none-linux-android --gcc-toolchain=/home/panxiaogong/3rdparty/android-ndk-r16b/toolchains/aarch64-linux-android-4.9/prebuilt/linux-x86_64 --sysroot=/home/panxiaogong/3rdparty/android-ndk-r16b/sysroot  -isystem /home/panxiaogong/3rdparty/android-ndk-r16b/sysroot/usr/include/aarch64-linux-android -D__ANDROID_API__=27 -g -DANDROID -ffunction-sections -funwind-tables -fstack-protector-strong -no-canonical-prefixes -Wa,--noexecstack -Wformat -Werror=format-security -std=c++11    -Wl,--exclude-libs,libgcc.a -Wl,--exclude-libs,libatomic.a --sysroot /home/panxiaogong/3rdparty/android-ndk-r16b/platforms/android-27/arch-arm64 -Wl,--build-id -Wl,--warn-shared-textrel -Wl,--fatal-warnings -L/home/panxiaogong/3rdparty/android-ndk-r16b/sources/cxx-stl/llvm-libc++/libs/arm64-v8a -Wl,--no-undefined -Wl,-z,noexecstack -Qunused-arguments -Wl,-z,relro -Wl,-z,now -Wl,--gc-sections -Wl,-z,nocopyreloc -pie -fPIE   CMakeFiles/cmTC_87240.dir/testCXXCompiler.cxx.o  -o cmTC_87240 -latomic -lm "/home/panxiaogong/3rdparty/android-ndk-r16b/sources/cxx-stl/llvm-libc++/libs/arm64-v8a/libc++.so" 
gmake[1]: 离开目录“/home/panxiaogong/3rdparty/android/opencv-3.1.0/samples/build/CMakeFiles/CMakeTmp”


Detecting CXX compiler ABI info compiled with the following output:
Change Dir: /home/panxiaogong/3rdparty/android/opencv-3.1.0/samples/build/CMakeFiles/CMakeTmp

Run Build Command(s):/usr/bin/gmake cmTC_49eb5/fast 
/usr/bin/gmake -f CMakeFiles/cmTC_49eb5.dir/build.make CMakeFiles/cmTC_49eb5.dir/build
gmake[1]: Entering directory `/home/panxiaogong/3rdparty/android/opencv-3.1.0/samples/build/CMakeFiles/CMakeTmp'
Building CXX object CMakeFiles/cmTC_49eb5.dir/CMakeCXXCompilerABI.cpp.o
/home/panxiaogong/3rdparty/android-ndk-r16b/toolchains/llvm/prebuilt/linux-x86_64/bin/clang++ --target=aarch64-none-linux-android --gcc-toolchain=/home/panxiaogong/3rdparty/android-ndk-r16b/toolchains/aarch64-linux-android-4.9/prebuilt/linux-x86_64 --sysroot=/home/panxiaogong/3rdparty/android-ndk-r16b/sysroot   -isystem /home/panxiaogong/3rdparty/android-ndk-r16b/sources/cxx-stl/llvm-libc++/include -isystem /home/panxiaogong/3rdparty/android-ndk-r16b/sources/android/support/include -isystem /home/panxiaogong/3rdparty/android-ndk-r16b/sources/cxx-stl/llvm-libc++abi/include  -isystem /home/panxiaogong/3rdparty/android-ndk-r16b/sysroot/usr/include/aarch64-linux-android -D__ANDROID_API__=27 -g -DANDROID -ffunction-sections -funwind-tables -fstack-protector-strong -no-canonical-prefixes -Wa,--noexecstack -Wformat -Werror=format-security -std=c++11   -fPIE   -v -o CMakeFiles/cmTC_49eb5.dir/CMakeCXXCompilerABI.cpp.o -c /home/panxiaogong/3rdparty/cmake-3.14.0-rc2-Linux-x86_64/share/cmake-3.14/Modules/CMakeCXXCompilerABI.cpp
Android clang version 5.0.300080  (based on LLVM 5.0.300080)
Target: aarch64-none-linux-android
Thread model: posix
InstalledDir: /home/panxiaogong/3rdparty/android-ndk-r16b/toolchains/llvm/prebuilt/linux-x86_64/bin
Found candidate GCC installation: /home/panxiaogong/3rdparty/android-ndk-r16b/toolchains/aarch64-linux-android-4.9/prebuilt/linux-x86_64/lib/gcc/aarch64-linux-android/4.9.x
Selected GCC installation: /home/panxiaogong/3rdparty/android-ndk-r16b/toolchains/aarch64-linux-android-4.9/prebuilt/linux-x86_64/lib/gcc/aarch64-linux-android/4.9.x
Candidate multilib: .;@m64
Selected multilib: .;@m64
 "/home/panxiaogong/3rdparty/android-ndk-r16b/toolchains/llvm/prebuilt/linux-x86_64/bin/clang++" -cc1 -triple aarch64-none-linux-android -emit-obj -mrelax-all -mnoexecstack -disable-free -disable-llvm-verifier -discard-value-names -main-file-name CMakeCXXCompilerABI.cpp -mrelocation-model pic -pic-level 2 -pic-is-pie -mthread-model posix -mdisable-fp-elim -fmath-errno -masm-verbose -mconstructor-aliases -munwind-tables -fuse-init-array -target-cpu generic -target-feature +neon -target-abi aapcs -backend-option -aarch64-fix-cortex-a53-835769=1 -target-linker-version 2.24 -v -dwarf-column-info -debug-info-kind=limited -dwarf-version=4 -debugger-tuning=gdb -ffunction-sections -coverage-notes-file /home/panxiaogong/3rdparty/android/opencv-3.1.0/samples/build/CMakeFiles/CMakeTmp/CMakeFiles/cmTC_49eb5.dir/CMakeCXXCompilerABI.cpp.gcno -resource-dir /home/panxiaogong/3rdparty/android-ndk-r16b/toolchains/llvm/prebuilt/linux-x86_64/lib64/clang/5.0.300080 -isystem /home/panxiaogong/3rdparty/android-ndk-r16b/sources/cxx-stl/llvm-libc++/include -isystem /home/panxiaogong/3rdparty/android-ndk-r16b/sources/android/support/include -isystem /home/panxiaogong/3rdparty/android-ndk-r16b/sources/cxx-stl/llvm-libc++abi/include -isystem /home/panxiaogong/3rdparty/android-ndk-r16b/sysroot/usr/include/aarch64-linux-android -D __ANDROID_API__=27 -D ANDROID -isysroot /home/panxiaogong/3rdparty/android-ndk-r16b/sysroot -internal-isystem /home/panxiaogong/3rdparty/android-ndk-r16b/sysroot/usr/local/include -internal-isystem /home/panxiaogong/3rdparty/android-ndk-r16b/toolchains/llvm/prebuilt/linux-x86_64/lib64/clang/5.0.300080/include -internal-externc-isystem /home/panxiaogong/3rdparty/android-ndk-r16b/sysroot/include -internal-externc-isystem /home/panxiaogong/3rdparty/android-ndk-r16b/sysroot/usr/include -Wformat -Werror=format-security -std=c++11 -fdeprecated-macro -fdebug-compilation-dir /home/panxiaogong/3rdparty/android/opencv-3.1.0/samples/build/CMakeFiles/CMakeTmp -ferror-limit 19 -fmessage-length 0 -femulated-tls -stack-protector 2 -fallow-half-arguments-and-returns -fno-signed-char -fobjc-runtime=gcc -fcxx-exceptions -fexceptions -fdiagnostics-show-option -o CMakeFiles/cmTC_49eb5.dir/CMakeCXXCompilerABI.cpp.o -x c++ /home/panxiaogong/3rdparty/cmake-3.14.0-rc2-Linux-x86_64/share/cmake-3.14/Modules/CMakeCXXCompilerABI.cpp
clang -cc1 version 5.0.300080 based upon LLVM 5.0.300080 default target x86_64-unknown-linux
ignoring nonexistent directory "/home/panxiaogong/3rdparty/android-ndk-r16b/sysroot/usr/local/include"
ignoring nonexistent directory "/home/panxiaogong/3rdparty/android-ndk-r16b/sysroot/include"
#include "..." search starts here:
#include <...> search starts here:
 /home/panxiaogong/3rdparty/android-ndk-r16b/sources/cxx-stl/llvm-libc++/include
 /home/panxiaogong/3rdparty/android-ndk-r16b/sources/android/support/include
 /home/panxiaogong/3rdparty/android-ndk-r16b/sources/cxx-stl/llvm-libc++abi/include
 /home/panxiaogong/3rdparty/android-ndk-r16b/sysroot/usr/include/aarch64-linux-android
 /home/panxiaogong/3rdparty/android-ndk-r16b/toolchains/llvm/prebuilt/linux-x86_64/lib64/clang/5.0.300080/include
 /home/panxiaogong/3rdparty/android-ndk-r16b/sysroot/usr/include
End of search list.
Linking CXX executable cmTC_49eb5
/home/panxiaogong/3rdparty/cmake-3.14.0-rc2-Linux-x86_64/bin/cmake -E cmake_link_script CMakeFiles/cmTC_49eb5.dir/link.txt --verbose=1
/home/panxiaogong/3rdparty/android-ndk-r16b/toolchains/llvm/prebuilt/linux-x86_64/bin/clang++ --target=aarch64-none-linux-android --gcc-toolchain=/home/panxiaogong/3rdparty/android-ndk-r16b/toolchains/aarch64-linux-android-4.9/prebuilt/linux-x86_64 --sysroot=/home/panxiaogong/3rdparty/android-ndk-r16b/sysroot  -isystem /home/panxiaogong/3rdparty/android-ndk-r16b/sysroot/usr/include/aarch64-linux-android -D__ANDROID_API__=27 -g -DANDROID -ffunction-sections -funwind-tables -fstack-protector-strong -no-canonical-prefixes -Wa,--noexecstack -Wformat -Werror=format-security -std=c++11    -Wl,--exclude-libs,libgcc.a -Wl,--exclude-libs,libatomic.a --sysroot /home/panxiaogong/3rdparty/android-ndk-r16b/platforms/android-27/arch-arm64 -Wl,--build-id -Wl,--warn-shared-textrel -Wl,--fatal-warnings -L/home/panxiaogong/3rdparty/android-ndk-r16b/sources/cxx-stl/llvm-libc++/libs/arm64-v8a -Wl,--no-undefined -Wl,-z,noexecstack -Qunused-arguments -Wl,-z,relro -Wl,-z,now -Wl,--gc-sections -Wl,-z,nocopyreloc -pie -fPIE  -v CMakeFiles/cmTC_49eb5.dir/CMakeCXXCompilerABI.cpp.o  -o cmTC_49eb5 
Android clang version 5.0.300080  (based on LLVM 5.0.300080)
Target: aarch64-none-linux-android
Thread model: posix
InstalledDir: /home/panxiaogong/3rdparty/android-ndk-r16b/toolchains/llvm/prebuilt/linux-x86_64/bin
Found candidate GCC installation: /home/panxiaogong/3rdparty/android-ndk-r16b/toolchains/aarch64-linux-android-4.9/prebuilt/linux-x86_64/lib/gcc/aarch64-linux-android/4.9.x
Selected GCC installation: /home/panxiaogong/3rdparty/android-ndk-r16b/toolchains/aarch64-linux-android-4.9/prebuilt/linux-x86_64/lib/gcc/aarch64-linux-android/4.9.x
Candidate multilib: .;@m64
Selected multilib: .;@m64
 "/home/panxiaogong/3rdparty/android-ndk-r16b/toolchains/aarch64-linux-android-4.9/prebuilt/linux-x86_64/lib/gcc/aarch64-linux-android/4.9.x/../../../../aarch64-linux-android/bin/ld" --sysroot=/home/panxiaogong/3rdparty/android-ndk-r16b/platforms/android-27/arch-arm64 -pie --fix-cortex-a53-843419 --no-add-needed --eh-frame-hdr -m aarch64linux -dynamic-linker /system/bin/linker64 -o cmTC_49eb5 /home/panxiaogong/3rdparty/android-ndk-r16b/platforms/android-27/arch-arm64/usr/lib/crtbegin_dynamic.o -L/home/panxiaogong/3rdparty/android-ndk-r16b/sources/cxx-stl/llvm-libc++/libs/arm64-v8a -L/home/panxiaogong/3rdparty/android-ndk-r16b/toolchains/llvm/prebuilt/linux-x86_64/lib64/clang/5.0.300080/lib/linux/aarch64 -L/home/panxiaogong/3rdparty/android-ndk-r16b/toolchains/aarch64-linux-android-4.9/prebuilt/linux-x86_64/lib/gcc/aarch64-linux-android/4.9.x -L/home/panxiaogong/3rdparty/android-ndk-r16b/toolchains/aarch64-linux-android-4.9/prebuilt/linux-x86_64/lib/gcc/aarch64-linux-android/4.9.x/../../../../aarch64-linux-android/lib/../lib64 -L/home/panxiaogong/3rdparty/android-ndk-r16b/toolchains/aarch64-linux-android-4.9/prebuilt/linux-x86_64/lib/gcc/aarch64-linux-android/4.9.x/../../../../aarch64-linux-android/lib -L/home/panxiaogong/3rdparty/android-ndk-r16b/platforms/android-27/arch-arm64/usr/lib --exclude-libs libgcc.a --exclude-libs libatomic.a --build-id --warn-shared-textrel --fatal-warnings --no-undefined -z noexecstack -z relro -z now --gc-sections -z nocopyreloc CMakeFiles/cmTC_49eb5.dir/CMakeCXXCompilerABI.cpp.o -lstdc++ -lm -lgcc -lgcc -ldl -lc -lgcc -lgcc -ldl /home/panxiaogong/3rdparty/android-ndk-r16b/platforms/android-27/arch-arm64/usr/lib/crtend_android.o
gmake[1]: Leaving directory `/home/panxiaogong/3rdparty/android/opencv-3.1.0/samples/build/CMakeFiles/CMakeTmp'


Parsed CXX implicit include dir info from above output: rv=done
  found start of include info
  found start of implicit include info
    add: [/home/panxiaogong/3rdparty/android-ndk-r16b/sources/cxx-stl/llvm-libc++/include]
    add: [/home/panxiaogong/3rdparty/android-ndk-r16b/sources/android/support/include]
    add: [/home/panxiaogong/3rdparty/android-ndk-r16b/sources/cxx-stl/llvm-libc++abi/include]
    add: [/home/panxiaogong/3rdparty/android-ndk-r16b/sysroot/usr/include/aarch64-linux-android]
    add: [/home/panxiaogong/3rdparty/android-ndk-r16b/toolchains/llvm/prebuilt/linux-x86_64/lib64/clang/5.0.300080/include]
    add: [/home/panxiaogong/3rdparty/android-ndk-r16b/sysroot/usr/include]
  end of search list found
  implicit include dirs: [/home/panxiaogong/3rdparty/android-ndk-r16b/sources/cxx-stl/llvm-libc++/include;/home/panxiaogong/3rdparty/android-ndk-r16b/sources/android/support/include;/home/panxiaogong/3rdparty/android-ndk-r16b/sources/cxx-stl/llvm-libc++abi/include;/home/panxiaogong/3rdparty/android-ndk-r16b/sysroot/usr/include/aarch64-linux-android;/home/panxiaogong/3rdparty/android-ndk-r16b/toolchains/llvm/prebuilt/linux-x86_64/lib64/clang/5.0.300080/include;/home/panxiaogong/3rdparty/android-ndk-r16b/sysroot/usr/include]


Parsed CXX implicit link information from above output:
  link line regex: [^( *|.*[/\])(aarch64-linux-android-ld|CMAKE_LINK_STARTFILE-NOTFOUND|([^/\]+-)?ld|collect2)[^/\]*( |$)]
  ignore line: [Change Dir: /home/panxiaogong/3rdparty/android/opencv-3.1.0/samples/build/CMakeFiles/CMakeTmp]
  ignore line: []
  ignore line: [Run Build Command(s):/usr/bin/gmake cmTC_49eb5/fast ]
  ignore line: [/usr/bin/gmake -f CMakeFiles/cmTC_49eb5.dir/build.make CMakeFiles/cmTC_49eb5.dir/build]
  ignore line: [gmake[1]: Entering directory `/home/panxiaogong/3rdparty/android/opencv-3.1.0/samples/build/CMakeFiles/CMakeTmp']
  ignore line: [Building CXX object CMakeFiles/cmTC_49eb5.dir/CMakeCXXCompilerABI.cpp.o]
  ignore line: [/home/panxiaogong/3rdparty/android-ndk-r16b/toolchains/llvm/prebuilt/linux-x86_64/bin/clang++ --target=aarch64-none-linux-android --gcc-toolchain=/home/panxiaogong/3rdparty/android-ndk-r16b/toolchains/aarch64-linux-android-4.9/prebuilt/linux-x86_64 --sysroot=/home/panxiaogong/3rdparty/android-ndk-r16b/sysroot   -isystem /home/panxiaogong/3rdparty/android-ndk-r16b/sources/cxx-stl/llvm-libc++/include -isystem /home/panxiaogong/3rdparty/android-ndk-r16b/sources/android/support/include -isystem /home/panxiaogong/3rdparty/android-ndk-r16b/sources/cxx-stl/llvm-libc++abi/include  -isystem /home/panxiaogong/3rdparty/android-ndk-r16b/sysroot/usr/include/aarch64-linux-android -D__ANDROID_API__=27 -g -DANDROID -ffunction-sections -funwind-tables -fstack-protector-strong -no-canonical-prefixes -Wa,--noexecstack -Wformat -Werror=format-security -std=c++11   -fPIE   -v -o CMakeFiles/cmTC_49eb5.dir/CMakeCXXCompilerABI.cpp.o -c /home/panxiaogong/3rdparty/cmake-3.14.0-rc2-Linux-x86_64/share/cmake-3.14/Modules/CMakeCXXCompilerABI.cpp]
  ignore line: [Android clang version 5.0.300080  (based on LLVM 5.0.300080)]
  ignore line: [Target: aarch64-none-linux-android]
  ignore line: [Thread model: posix]
  ignore line: [InstalledDir: /home/panxiaogong/3rdparty/android-ndk-r16b/toolchains/llvm/prebuilt/linux-x86_64/bin]
  ignore line: [Found candidate GCC installation: /home/panxiaogong/3rdparty/android-ndk-r16b/toolchains/aarch64-linux-android-4.9/prebuilt/linux-x86_64/lib/gcc/aarch64-linux-android/4.9.x]
  ignore line: [Selected GCC installation: /home/panxiaogong/3rdparty/android-ndk-r16b/toolchains/aarch64-linux-android-4.9/prebuilt/linux-x86_64/lib/gcc/aarch64-linux-android/4.9.x]
  ignore line: [Candidate multilib: .]
  ignore line: [@m64]
  ignore line: [Selected multilib: .]
  ignore line: [@m64]
  ignore line: [ "/home/panxiaogong/3rdparty/android-ndk-r16b/toolchains/llvm/prebuilt/linux-x86_64/bin/clang++" -cc1 -triple aarch64-none-linux-android -emit-obj -mrelax-all -mnoexecstack -disable-free -disable-llvm-verifier -discard-value-names -main-file-name CMakeCXXCompilerABI.cpp -mrelocation-model pic -pic-level 2 -pic-is-pie -mthread-model posix -mdisable-fp-elim -fmath-errno -masm-verbose -mconstructor-aliases -munwind-tables -fuse-init-array -target-cpu generic -target-feature +neon -target-abi aapcs -backend-option -aarch64-fix-cortex-a53-835769=1 -target-linker-version 2.24 -v -dwarf-column-info -debug-info-kind=limited -dwarf-version=4 -debugger-tuning=gdb -ffunction-sections -coverage-notes-file /home/panxiaogong/3rdparty/android/opencv-3.1.0/samples/build/CMakeFiles/CMakeTmp/CMakeFiles/cmTC_49eb5.dir/CMakeCXXCompilerABI.cpp.gcno -resource-dir /home/panxiaogong/3rdparty/android-ndk-r16b/toolchains/llvm/prebuilt/linux-x86_64/lib64/clang/5.0.300080 -isystem /home/panxiaogong/3rdparty/android-ndk-r16b/sources/cxx-stl/llvm-libc++/include -isystem /home/panxiaogong/3rdparty/android-ndk-r16b/sources/android/support/include -isystem /home/panxiaogong/3rdparty/android-ndk-r16b/sources/cxx-stl/llvm-libc++abi/include -isystem /home/panxiaogong/3rdparty/android-ndk-r16b/sysroot/usr/include/aarch64-linux-android -D __ANDROID_API__=27 -D ANDROID -isysroot /home/panxiaogong/3rdparty/android-ndk-r16b/sysroot -internal-isystem /home/panxiaogong/3rdparty/android-ndk-r16b/sysroot/usr/local/include -internal-isystem /home/panxiaogong/3rdparty/android-ndk-r16b/toolchains/llvm/prebuilt/linux-x86_64/lib64/clang/5.0.300080/include -internal-externc-isystem /home/panxiaogong/3rdparty/android-ndk-r16b/sysroot/include -internal-externc-isystem /home/panxiaogong/3rdparty/android-ndk-r16b/sysroot/usr/include -Wformat -Werror=format-security -std=c++11 -fdeprecated-macro -fdebug-compilation-dir /home/panxiaogong/3rdparty/android/opencv-3.1.0/samples/build/CMakeFiles/CMakeTmp -ferror-limit 19 -fmessage-length 0 -femulated-tls -stack-protector 2 -fallow-half-arguments-and-returns -fno-signed-char -fobjc-runtime=gcc -fcxx-exceptions -fexceptions -fdiagnostics-show-option -o CMakeFiles/cmTC_49eb5.dir/CMakeCXXCompilerABI.cpp.o -x c++ /home/panxiaogong/3rdparty/cmake-3.14.0-rc2-Linux-x86_64/share/cmake-3.14/Modules/CMakeCXXCompilerABI.cpp]
  ignore line: [clang -cc1 version 5.0.300080 based upon LLVM 5.0.300080 default target x86_64-unknown-linux]
  ignore line: [ignoring nonexistent directory "/home/panxiaogong/3rdparty/android-ndk-r16b/sysroot/usr/local/include"]
  ignore line: [ignoring nonexistent directory "/home/panxiaogong/3rdparty/android-ndk-r16b/sysroot/include"]
  ignore line: [#include "..." search starts here:]
  ignore line: [#include <...> search starts here:]
  ignore line: [ /home/panxiaogong/3rdparty/android-ndk-r16b/sources/cxx-stl/llvm-libc++/include]
  ignore line: [ /home/panxiaogong/3rdparty/android-ndk-r16b/sources/android/support/include]
  ignore line: [ /home/panxiaogong/3rdparty/android-ndk-r16b/sources/cxx-stl/llvm-libc++abi/include]
  ignore line: [ /home/panxiaogong/3rdparty/android-ndk-r16b/sysroot/usr/include/aarch64-linux-android]
  ignore line: [ /home/panxiaogong/3rdparty/android-ndk-r16b/toolchains/llvm/prebuilt/linux-x86_64/lib64/clang/5.0.300080/include]
  ignore line: [ /home/panxiaogong/3rdparty/android-ndk-r16b/sysroot/usr/include]
  ignore line: [End of search list.]
  ignore line: [Linking CXX executable cmTC_49eb5]
  ignore line: [/home/panxiaogong/3rdparty/cmake-3.14.0-rc2-Linux-x86_64/bin/cmake -E cmake_link_script CMakeFiles/cmTC_49eb5.dir/link.txt --verbose=1]
  ignore line: [/home/panxiaogong/3rdparty/android-ndk-r16b/toolchains/llvm/prebuilt/linux-x86_64/bin/clang++ --target=aarch64-none-linux-android --gcc-toolchain=/home/panxiaogong/3rdparty/android-ndk-r16b/toolchains/aarch64-linux-android-4.9/prebuilt/linux-x86_64 --sysroot=/home/panxiaogong/3rdparty/android-ndk-r16b/sysroot  -isystem /home/panxiaogong/3rdparty/android-ndk-r16b/sysroot/usr/include/aarch64-linux-android -D__ANDROID_API__=27 -g -DANDROID -ffunction-sections -funwind-tables -fstack-protector-strong -no-canonical-prefixes -Wa,--noexecstack -Wformat -Werror=format-security -std=c++11    -Wl,--exclude-libs,libgcc.a -Wl,--exclude-libs,libatomic.a --sysroot /home/panxiaogong/3rdparty/android-ndk-r16b/platforms/android-27/arch-arm64 -Wl,--build-id -Wl,--warn-shared-textrel -Wl,--fatal-warnings -L/home/panxiaogong/3rdparty/android-ndk-r16b/sources/cxx-stl/llvm-libc++/libs/arm64-v8a -Wl,--no-undefined -Wl,-z,noexecstack -Qunused-arguments -Wl,-z,relro -Wl,-z,now -Wl,--gc-sections -Wl,-z,nocopyreloc -pie -fPIE  -v CMakeFiles/cmTC_49eb5.dir/CMakeCXXCompilerABI.cpp.o  -o cmTC_49eb5 ]
  ignore line: [Android clang version 5.0.300080  (based on LLVM 5.0.300080)]
  ignore line: [Target: aarch64-none-linux-android]
  ignore line: [Thread model: posix]
  ignore line: [InstalledDir: /home/panxiaogong/3rdparty/android-ndk-r16b/toolchains/llvm/prebuilt/linux-x86_64/bin]
  ignore line: [Found candidate GCC installation: /home/panxiaogong/3rdparty/android-ndk-r16b/toolchains/aarch64-linux-android-4.9/prebuilt/linux-x86_64/lib/gcc/aarch64-linux-android/4.9.x]
  ignore line: [Selected GCC installation: /home/panxiaogong/3rdparty/android-ndk-r16b/toolchains/aarch64-linux-android-4.9/prebuilt/linux-x86_64/lib/gcc/aarch64-linux-android/4.9.x]
  ignore line: [Candidate multilib: .]
  ignore line: [@m64]
  ignore line: [Selected multilib: .]
  ignore line: [@m64]
  link line: [ "/home/panxiaogong/3rdparty/android-ndk-r16b/toolchains/aarch64-linux-android-4.9/prebuilt/linux-x86_64/lib/gcc/aarch64-linux-android/4.9.x/../../../../aarch64-linux-android/bin/ld" --sysroot=/home/panxiaogong/3rdparty/android-ndk-r16b/platforms/android-27/arch-arm64 -pie --fix-cortex-a53-843419 --no-add-needed --eh-frame-hdr -m aarch64linux -dynamic-linker /system/bin/linker64 -o cmTC_49eb5 /home/panxiaogong/3rdparty/android-ndk-r16b/platforms/android-27/arch-arm64/usr/lib/crtbegin_dynamic.o -L/home/panxiaogong/3rdparty/android-ndk-r16b/sources/cxx-stl/llvm-libc++/libs/arm64-v8a -L/home/panxiaogong/3rdparty/android-ndk-r16b/toolchains/llvm/prebuilt/linux-x86_64/lib64/clang/5.0.300080/lib/linux/aarch64 -L/home/panxiaogong/3rdparty/android-ndk-r16b/toolchains/aarch64-linux-android-4.9/prebuilt/linux-x86_64/lib/gcc/aarch64-linux-android/4.9.x -L/home/panxiaogong/3rdparty/android-ndk-r16b/toolchains/aarch64-linux-android-4.9/prebuilt/linux-x86_64/lib/gcc/aarch64-linux-android/4.9.x/../../../../aarch64-linux-android/lib/../lib64 -L/home/panxiaogong/3rdparty/android-ndk-r16b/toolchains/aarch64-linux-android-4.9/prebuilt/linux-x86_64/lib/gcc/aarch64-linux-android/4.9.x/../../../../aarch64-linux-android/lib -L/home/panxiaogong/3rdparty/android-ndk-r16b/platforms/android-27/arch-arm64/usr/lib --exclude-libs libgcc.a --exclude-libs libatomic.a --build-id --warn-shared-textrel --fatal-warnings --no-undefined -z noexecstack -z relro -z now --gc-sections -z nocopyreloc CMakeFiles/cmTC_49eb5.dir/CMakeCXXCompilerABI.cpp.o -lstdc++ -lm -lgcc -lgcc -ldl -lc -lgcc -lgcc -ldl /home/panxiaogong/3rdparty/android-ndk-r16b/platforms/android-27/arch-arm64/usr/lib/crtend_android.o]
    arg [/home/panxiaogong/3rdparty/android-ndk-r16b/toolchains/aarch64-linux-android-4.9/prebuilt/linux-x86_64/lib/gcc/aarch64-linux-android/4.9.x/../../../../aarch64-linux-android/bin/ld] ==> ignore
    arg [--sysroot=/home/panxiaogong/3rdparty/android-ndk-r16b/platforms/android-27/arch-arm64] ==> ignore
    arg [-pie] ==> ignore
    arg [--fix-cortex-a53-843419] ==> ignore
    arg [--no-add-needed] ==> ignore
    arg [--eh-frame-hdr] ==> ignore
    arg [-m] ==> ignore
    arg [aarch64linux] ==> ignore
    arg [-dynamic-linker] ==> ignore
    arg [/system/bin/linker64] ==> ignore
    arg [-o] ==> ignore
    arg [cmTC_49eb5] ==> ignore
    arg [/home/panxiaogong/3rdparty/android-ndk-r16b/platforms/android-27/arch-arm64/usr/lib/crtbegin_dynamic.o] ==> ignore
    arg [-L/home/panxiaogong/3rdparty/android-ndk-r16b/sources/cxx-stl/llvm-libc++/libs/arm64-v8a] ==> dir [/home/panxiaogong/3rdparty/android-ndk-r16b/sources/cxx-stl/llvm-libc++/libs/arm64-v8a]
    arg [-L/home/panxiaogong/3rdparty/android-ndk-r16b/toolchains/llvm/prebuilt/linux-x86_64/lib64/clang/5.0.300080/lib/linux/aarch64] ==> dir [/home/panxiaogong/3rdparty/android-ndk-r16b/toolchains/llvm/prebuilt/linux-x86_64/lib64/clang/5.0.300080/lib/linux/aarch64]
    arg [-L/home/panxiaogong/3rdparty/android-ndk-r16b/toolchains/aarch64-linux-android-4.9/prebuilt/linux-x86_64/lib/gcc/aarch64-linux-android/4.9.x] ==> dir [/home/panxiaogong/3rdparty/android-ndk-r16b/toolchains/aarch64-linux-android-4.9/prebuilt/linux-x86_64/lib/gcc/aarch64-linux-android/4.9.x]
    arg [-L/home/panxiaogong/3rdparty/android-ndk-r16b/toolchains/aarch64-linux-android-4.9/prebuilt/linux-x86_64/lib/gcc/aarch64-linux-android/4.9.x/../../../../aarch64-linux-android/lib/../lib64] ==> dir [/home/panxiaogong/3rdparty/android-ndk-r16b/toolchains/aarch64-linux-android-4.9/prebuilt/linux-x86_64/lib/gcc/aarch64-linux-android/4.9.x/../../../../aarch64-linux-android/lib/../lib64]
    arg [-L/home/panxiaogong/3rdparty/android-ndk-r16b/toolchains/aarch64-linux-android-4.9/prebuilt/linux-x86_64/lib/gcc/aarch64-linux-android/4.9.x/../../../../aarch64-linux-android/lib] ==> dir [/home/panxiaogong/3rdparty/android-ndk-r16b/toolchains/aarch64-linux-android-4.9/prebuilt/linux-x86_64/lib/gcc/aarch64-linux-android/4.9.x/../../../../aarch64-linux-android/lib]
    arg [-L/home/panxiaogong/3rdparty/android-ndk-r16b/platforms/android-27/arch-arm64/usr/lib] ==> dir [/home/panxiaogong/3rdparty/android-ndk-r16b/platforms/android-27/arch-arm64/usr/lib]
    arg [--exclude-libs] ==> ignore
    arg [libgcc.a] ==> ignore
    arg [--exclude-libs] ==> ignore
    arg [libatomic.a] ==> ignore
    arg [--build-id] ==> ignore
    arg [--warn-shared-textrel] ==> ignore
    arg [--fatal-warnings] ==> ignore
    arg [--no-undefined] ==> ignore
    arg [-znoexecstack] ==> ignore
    arg [-zrelro] ==> ignore
    arg [-znow] ==> ignore
    arg [--gc-sections] ==> ignore
    arg [-znocopyreloc] ==> ignore
    arg [CMakeFiles/cmTC_49eb5.dir/CMakeCXXCompilerABI.cpp.o] ==> ignore
    arg [-lstdc++] ==> lib [stdc++]
    arg [-lm] ==> lib [m]
    arg [-lgcc] ==> lib [gcc]
    arg [-lgcc] ==> lib [gcc]
    arg [-ldl] ==> lib [dl]
    arg [-lc] ==> lib [c]
    arg [-lgcc] ==> lib [gcc]
    arg [-lgcc] ==> lib [gcc]
    arg [-ldl] ==> lib [dl]
    arg [/home/panxiaogong/3rdparty/android-ndk-r16b/platforms/android-27/arch-arm64/usr/lib/crtend_android.o] ==> ignore
  collapse library dir [/home/panxiaogong/3rdparty/android-ndk-r16b/sources/cxx-stl/llvm-libc++/libs/arm64-v8a] ==> [/home/panxiaogong/3rdparty/android-ndk-r16b/sources/cxx-stl/llvm-libc++/libs/arm64-v8a]
  collapse library dir [/home/panxiaogong/3rdparty/android-ndk-r16b/toolchains/llvm/prebuilt/linux-x86_64/lib64/clang/5.0.300080/lib/linux/aarch64] ==> [/home/panxiaogong/3rdparty/android-ndk-r16b/toolchains/llvm/prebuilt/linux-x86_64/lib64/clang/5.0.300080/lib/linux/aarch64]
  collapse library dir [/home/panxiaogong/3rdparty/android-ndk-r16b/toolchains/aarch64-linux-android-4.9/prebuilt/linux-x86_64/lib/gcc/aarch64-linux-android/4.9.x] ==> [/home/panxiaogong/3rdparty/android-ndk-r16b/toolchains/aarch64-linux-android-4.9/prebuilt/linux-x86_64/lib/gcc/aarch64-linux-android/4.9.x]
  collapse library dir [/home/panxiaogong/3rdparty/android-ndk-r16b/toolchains/aarch64-linux-android-4.9/prebuilt/linux-x86_64/lib/gcc/aarch64-linux-android/4.9.x/../../../../aarch64-linux-android/lib/../lib64] ==> [/home/panxiaogong/3rdparty/android-ndk-r16b/toolchains/aarch64-linux-android-4.9/prebuilt/linux-x86_64/aarch64-linux-android/lib64]
  collapse library dir [/home/panxiaogong/3rdparty/android-ndk-r16b/toolchains/aarch64-linux-android-4.9/prebuilt/linux-x86_64/lib/gcc/aarch64-linux-android/4.9.x/../../../../aarch64-linux-android/lib] ==> [/home/panxiaogong/3rdparty/android-ndk-r16b/toolchains/aarch64-linux-android-4.9/prebuilt/linux-x86_64/aarch64-linux-android/lib]
  collapse library dir [/home/panxiaogong/3rdparty/android-ndk-r16b/platforms/android-27/arch-arm64/usr/lib] ==> [/home/panxiaogong/3rdparty/android-ndk-r16b/platforms/android-27/arch-arm64/usr/lib]
  implicit libs: [stdc++;m;gcc;gcc;dl;c;gcc;gcc;dl]
  implicit dirs: [/home/panxiaogong/3rdparty/android-ndk-r16b/sources/cxx-stl/llvm-libc++/libs/arm64-v8a;/home/panxiaogong/3rdparty/android-ndk-r16b/toolchains/llvm/prebuilt/linux-x86_64/lib64/clang/5.0.300080/lib/linux/aarch64;/home/panxiaogong/3rdparty/android-ndk-r16b/toolchains/aarch64-linux-android-4.9/prebuilt/linux-x86_64/lib/gcc/aarch64-linux-android/4.9.x;/home/panxiaogong/3rdparty/android-ndk-r16b/toolchains/aarch64-linux-android-4.9/prebuilt/linux-x86_64/aarch64-linux-android/lib64;/home/panxiaogong/3rdparty/android-ndk-r16b/toolchains/aarch64-linux-android-4.9/prebuilt/linux-x86_64/aarch64-linux-android/lib;/home/panxiaogong/3rdparty/android-ndk-r16b/platforms/android-27/arch-arm64/usr/lib]
  implicit fwks: []




Detecting CXX [-std=c++1z] compiler features compiled with the following output:
Change Dir: /home/panxiaogong/3rdparty/android/opencv-3.1.0/samples/build/CMakeFiles/CMakeTmp

Run Build Command(s):/usr/bin/gmake cmTC_f9b30/fast 
/usr/bin/gmake -f CMakeFiles/cmTC_f9b30.dir/build.make CMakeFiles/cmTC_f9b30.dir/build
gmake[1]: 进入目录“/home/panxiaogong/3rdparty/android/opencv-3.1.0/samples/build/CMakeFiles/CMakeTmp”
Building CXX object CMakeFiles/cmTC_f9b30.dir/feature_tests.cxx.o
/home/panxiaogong/3rdparty/android-ndk-r16b/toolchains/llvm/prebuilt/linux-x86_64/bin/clang++ --target=aarch64-none-linux-android --gcc-toolchain=/home/panxiaogong/3rdparty/android-ndk-r16b/toolchains/aarch64-linux-android-4.9/prebuilt/linux-x86_64 --sysroot=/home/panxiaogong/3rdparty/android-ndk-r16b/sysroot   -isystem /home/panxiaogong/3rdparty/android-ndk-r16b/sources/cxx-stl/llvm-libc++/include -isystem /home/panxiaogong/3rdparty/android-ndk-r16b/sources/android/support/include -isystem /home/panxiaogong/3rdparty/android-ndk-r16b/sources/cxx-stl/llvm-libc++abi/include  -isystem /home/panxiaogong/3rdparty/android-ndk-r16b/sysroot/usr/include/aarch64-linux-android -D__ANDROID_API__=27 -g -DANDROID -ffunction-sections -funwind-tables -fstack-protector-strong -no-canonical-prefixes -Wa,--noexecstack -Wformat -Werror=format-security -std=c++11   -fPIE   -std=c++1z -o CMakeFiles/cmTC_f9b30.dir/feature_tests.cxx.o -c /home/panxiaogong/3rdparty/android/opencv-3.1.0/samples/build/CMakeFiles/feature_tests.cxx
Linking CXX executable cmTC_f9b30
/home/panxiaogong/3rdparty/cmake-3.14.0-rc2-Linux-x86_64/bin/cmake -E cmake_link_script CMakeFiles/cmTC_f9b30.dir/link.txt --verbose=1
/home/panxiaogong/3rdparty/android-ndk-r16b/toolchains/llvm/prebuilt/linux-x86_64/bin/clang++ --target=aarch64-none-linux-android --gcc-toolchain=/home/panxiaogong/3rdparty/android-ndk-r16b/toolchains/aarch64-linux-android-4.9/prebuilt/linux-x86_64 --sysroot=/home/panxiaogong/3rdparty/android-ndk-r16b/sysroot  -isystem /home/panxiaogong/3rdparty/android-ndk-r16b/sysroot/usr/include/aarch64-linux-android -D__ANDROID_API__=27 -g -DANDROID -ffunction-sections -funwind-tables -fstack-protector-strong -no-canonical-prefixes -Wa,--noexecstack -Wformat -Werror=format-security -std=c++11    -Wl,--exclude-libs,libgcc.a -Wl,--exclude-libs,libatomic.a --sysroot /home/panxiaogong/3rdparty/android-ndk-r16b/platforms/android-27/arch-arm64 -Wl,--build-id -Wl,--warn-shared-textrel -Wl,--fatal-warnings -L/home/panxiaogong/3rdparty/android-ndk-r16b/sources/cxx-stl/llvm-libc++/libs/arm64-v8a -Wl,--no-undefined -Wl,-z,noexecstack -Qunused-arguments -Wl,-z,relro -Wl,-z,now -Wl,--gc-sections -Wl,-z,nocopyreloc -pie -fPIE   CMakeFiles/cmTC_f9b30.dir/feature_tests.cxx.o  -o cmTC_f9b30 -latomic -lm "/home/panxiaogong/3rdparty/android-ndk-r16b/sources/cxx-stl/llvm-libc++/libs/arm64-v8a/libc++.so" 
gmake[1]: 离开目录“/home/panxiaogong/3rdparty/android/opencv-3.1.0/samples/build/CMakeFiles/CMakeTmp”


    Feature record: CXX_FEATURE:1cxx_aggregate_default_initializers
    Feature record: CXX_FEATURE:1cxx_alias_templates
    Feature record: CXX_FEATURE:1cxx_alignas
    Feature record: CXX_FEATURE:1cxx_alignof
    Feature record: CXX_FEATURE:1cxx_attributes
    Feature record: CXX_FEATURE:1cxx_attribute_deprecated
    Feature record: CXX_FEATURE:1cxx_auto_type
    Feature record: CXX_FEATURE:1cxx_binary_literals
    Feature record: CXX_FEATURE:1cxx_constexpr
    Feature record: CXX_FEATURE:1cxx_contextual_conversions
    Feature record: CXX_FEATURE:1cxx_decltype
    Feature record: CXX_FEATURE:1cxx_decltype_auto
    Feature record: CXX_FEATURE:1cxx_decltype_incomplete_return_types
    Feature record: CXX_FEATURE:1cxx_default_function_template_args
    Feature record: CXX_FEATURE:1cxx_defaulted_functions
    Feature record: CXX_FEATURE:1cxx_defaulted_move_initializers
    Feature record: CXX_FEATURE:1cxx_delegating_constructors
    Feature record: CXX_FEATURE:1cxx_deleted_functions
    Feature record: CXX_FEATURE:1cxx_digit_separators
    Feature record: CXX_FEATURE:1cxx_enum_forward_declarations
    Feature record: CXX_FEATURE:1cxx_explicit_conversions
    Feature record: CXX_FEATURE:1cxx_extended_friend_declarations
    Feature record: CXX_FEATURE:1cxx_extern_templates
    Feature record: CXX_FEATURE:1cxx_final
    Feature record: CXX_FEATURE:1cxx_func_identifier
    Feature record: CXX_FEATURE:1cxx_generalized_initializers
    Feature record: CXX_FEATURE:1cxx_generic_lambdas
    Feature record: CXX_FEATURE:1cxx_inheriting_constructors
    Feature record: CXX_FEATURE:1cxx_inline_namespaces
    Feature record: CXX_FEATURE:1cxx_lambdas
    Feature record: CXX_FEATURE:1cxx_lambda_init_captures
    Feature record: CXX_FEATURE:1cxx_local_type_template_args
    Feature record: CXX_FEATURE:1cxx_long_long_type
    Feature record: CXX_FEATURE:1cxx_noexcept
    Feature record: CXX_FEATURE:1cxx_nonstatic_member_init
    Feature record: CXX_FEATURE:1cxx_nullptr
    Feature record: CXX_FEATURE:1cxx_override
    Feature record: CXX_FEATURE:1cxx_range_for
    Feature record: CXX_FEATURE:1cxx_raw_string_literals
    Feature record: CXX_FEATURE:1cxx_reference_qualified_functions
    Feature record: CXX_FEATURE:1cxx_relaxed_constexpr
    Feature record: CXX_FEATURE:1cxx_return_type_deduction
    Feature record: CXX_FEATURE:1cxx_right_angle_brackets
    Feature record: CXX_FEATURE:1cxx_rvalue_references
    Feature record: CXX_FEATURE:1cxx_sizeof_member
    Feature record: CXX_FEATURE:1cxx_static_assert
    Feature record: CXX_FEATURE:1cxx_strong_enums
    Feature record: CXX_FEATURE:1cxx_template_template_parameters
    Feature record: CXX_FEATURE:1cxx_thread_local
    Feature record: CXX_FEATURE:1cxx_trailing_return_types
    Feature record: CXX_FEATURE:1cxx_unicode_literals
    Feature record: CXX_FEATURE:1cxx_uniform_initialization
    Feature record: CXX_FEATURE:1cxx_unrestricted_unions
    Feature record: CXX_FEATURE:1cxx_user_literals
    Feature record: CXX_FEATURE:1cxx_variable_templates
    Feature record: CXX_FEATURE:1cxx_variadic_macros
    Feature record: CXX_FEATURE:1cxx_variadic_templates


Detecting CXX [-std=c++14] compiler features compiled with the following output:
Change Dir: /home/panxiaogong/3rdparty/android/opencv-3.1.0/samples/build/CMakeFiles/CMakeTmp

Run Build Command(s):/usr/bin/gmake cmTC_80498/fast 
/usr/bin/gmake -f CMakeFiles/cmTC_80498.dir/build.make CMakeFiles/cmTC_80498.dir/build
gmake[1]: 进入目录“/home/panxiaogong/3rdparty/android/opencv-3.1.0/samples/build/CMakeFiles/CMakeTmp”
Building CXX object CMakeFiles/cmTC_80498.dir/feature_tests.cxx.o
/home/panxiaogong/3rdparty/android-ndk-r16b/toolchains/llvm/prebuilt/linux-x86_64/bin/clang++ --target=aarch64-none-linux-android --gcc-toolchain=/home/panxiaogong/3rdparty/android-ndk-r16b/toolchains/aarch64-linux-android-4.9/prebuilt/linux-x86_64 --sysroot=/home/panxiaogong/3rdparty/android-ndk-r16b/sysroot   -isystem /home/panxiaogong/3rdparty/android-ndk-r16b/sources/cxx-stl/llvm-libc++/include -isystem /home/panxiaogong/3rdparty/android-ndk-r16b/sources/android/support/include -isystem /home/panxiaogong/3rdparty/android-ndk-r16b/sources/cxx-stl/llvm-libc++abi/include  -isystem /home/panxiaogong/3rdparty/android-ndk-r16b/sysroot/usr/include/aarch64-linux-android -D__ANDROID_API__=27 -g -DANDROID -ffunction-sections -funwind-tables -fstack-protector-strong -no-canonical-prefixes -Wa,--noexecstack -Wformat -Werror=format-security -std=c++11   -fPIE   -std=c++14 -o CMakeFiles/cmTC_80498.dir/feature_tests.cxx.o -c /home/panxiaogong/3rdparty/android/opencv-3.1.0/samples/build/CMakeFiles/feature_tests.cxx
Linking CXX executable cmTC_80498
/home/panxiaogong/3rdparty/cmake-3.14.0-rc2-Linux-x86_64/bin/cmake -E cmake_link_script CMakeFiles/cmTC_80498.dir/link.txt --verbose=1
/home/panxiaogong/3rdparty/android-ndk-r16b/toolchains/llvm/prebuilt/linux-x86_64/bin/clang++ --target=aarch64-none-linux-android --gcc-toolchain=/home/panxiaogong/3rdparty/android-ndk-r16b/toolchains/aarch64-linux-android-4.9/prebuilt/linux-x86_64 --sysroot=/home/panxiaogong/3rdparty/android-ndk-r16b/sysroot  -isystem /home/panxiaogong/3rdparty/android-ndk-r16b/sysroot/usr/include/aarch64-linux-android -D__ANDROID_API__=27 -g -DANDROID -ffunction-sections -funwind-tables -fstack-protector-strong -no-canonical-prefixes -Wa,--noexecstack -Wformat -Werror=format-security -std=c++11    -Wl,--exclude-libs,libgcc.a -Wl,--exclude-libs,libatomic.a --sysroot /home/panxiaogong/3rdparty/android-ndk-r16b/platforms/android-27/arch-arm64 -Wl,--build-id -Wl,--warn-shared-textrel -Wl,--fatal-warnings -L/home/panxiaogong/3rdparty/android-ndk-r16b/sources/cxx-stl/llvm-libc++/libs/arm64-v8a -Wl,--no-undefined -Wl,-z,noexecstack -Qunused-arguments -Wl,-z,relro -Wl,-z,now -Wl,--gc-sections -Wl,-z,nocopyreloc -pie -fPIE   CMakeFiles/cmTC_80498.dir/feature_tests.cxx.o  -o cmTC_80498 -latomic -lm "/home/panxiaogong/3rdparty/android-ndk-r16b/sources/cxx-stl/llvm-libc++/libs/arm64-v8a/libc++.so" 
gmake[1]: 离开目录“/home/panxiaogong/3rdparty/android/opencv-3.1.0/samples/build/CMakeFiles/CMakeTmp”


    Feature record: CXX_FEATURE:1cxx_aggregate_default_initializers
    Feature record: CXX_FEATURE:1cxx_alias_templates
    Feature record: CXX_FEATURE:1cxx_alignas
    Feature record: CXX_FEATURE:1cxx_alignof
    Feature record: CXX_FEATURE:1cxx_attributes
    Feature record: CXX_FEATURE:1cxx_attribute_deprecated
    Feature record: CXX_FEATURE:1cxx_auto_type
    Feature record: CXX_FEATURE:1cxx_binary_literals
    Feature record: CXX_FEATURE:1cxx_constexpr
    Feature record: CXX_FEATURE:1cxx_contextual_conversions
    Feature record: CXX_FEATURE:1cxx_decltype
    Feature record: CXX_FEATURE:1cxx_decltype_auto
    Feature record: CXX_FEATURE:1cxx_decltype_incomplete_return_types
    Feature record: CXX_FEATURE:1cxx_default_function_template_args
    Feature record: CXX_FEATURE:1cxx_defaulted_functions
    Feature record: CXX_FEATURE:1cxx_defaulted_move_initializers
    Feature record: CXX_FEATURE:1cxx_delegating_constructors
    Feature record: CXX_FEATURE:1cxx_deleted_functions
    Feature record: CXX_FEATURE:1cxx_digit_separators
    Feature record: CXX_FEATURE:1cxx_enum_forward_declarations
    Feature record: CXX_FEATURE:1cxx_explicit_conversions
    Feature record: CXX_FEATURE:1cxx_extended_friend_declarations
    Feature record: CXX_FEATURE:1cxx_extern_templates
    Feature record: CXX_FEATURE:1cxx_final
    Feature record: CXX_FEATURE:1cxx_func_identifier
    Feature record: CXX_FEATURE:1cxx_generalized_initializers
    Feature record: CXX_FEATURE:1cxx_generic_lambdas
    Feature record: CXX_FEATURE:1cxx_inheriting_constructors
    Feature record: CXX_FEATURE:1cxx_inline_namespaces
    Feature record: CXX_FEATURE:1cxx_lambdas
    Feature record: CXX_FEATURE:1cxx_lambda_init_captures
    Feature record: CXX_FEATURE:1cxx_local_type_template_args
    Feature record: CXX_FEATURE:1cxx_long_long_type
    Feature record: CXX_FEATURE:1cxx_noexcept
    Feature record: CXX_FEATURE:1cxx_nonstatic_member_init
    Feature record: CXX_FEATURE:1cxx_nullptr
    Feature record: CXX_FEATURE:1cxx_override
    Feature record: CXX_FEATURE:1cxx_range_for
    Feature record: CXX_FEATURE:1cxx_raw_string_literals
    Feature record: CXX_FEATURE:1cxx_reference_qualified_functions
    Feature record: CXX_FEATURE:1cxx_relaxed_constexpr
    Feature record: CXX_FEATURE:1cxx_return_type_deduction
    Feature record: CXX_FEATURE:1cxx_right_angle_brackets
    Feature record: CXX_FEATURE:1cxx_rvalue_references
    Feature record: CXX_FEATURE:1cxx_sizeof_member
    Feature record: CXX_FEATURE:1cxx_static_assert
    Feature record: CXX_FEATURE:1cxx_strong_enums
    Feature record: CXX_FEATURE:1cxx_template_template_parameters
    Feature record: CXX_FEATURE:1cxx_thread_local
    Feature record: CXX_FEATURE:1cxx_trailing_return_types
    Feature record: CXX_FEATURE:1cxx_unicode_literals
    Feature record: CXX_FEATURE:1cxx_uniform_initialization
    Feature record: CXX_FEATURE:1cxx_unrestricted_unions
    Feature record: CXX_FEATURE:1cxx_user_literals
    Feature record: CXX_FEATURE:1cxx_variable_templates
    Feature record: CXX_FEATURE:1cxx_variadic_macros
    Feature record: CXX_FEATURE:1cxx_variadic_templates


Detecting CXX [-std=c++11] compiler features compiled with the following output:
Change Dir: /home/panxiaogong/3rdparty/android/opencv-3.1.0/samples/build/CMakeFiles/CMakeTmp

Run Build Command(s):/usr/bin/gmake cmTC_3dbd5/fast 
/usr/bin/gmake -f CMakeFiles/cmTC_3dbd5.dir/build.make CMakeFiles/cmTC_3dbd5.dir/build
gmake[1]: 进入目录“/home/panxiaogong/3rdparty/android/opencv-3.1.0/samples/build/CMakeFiles/CMakeTmp”
Building CXX object CMakeFiles/cmTC_3dbd5.dir/feature_tests.cxx.o
/home/panxiaogong/3rdparty/android-ndk-r16b/toolchains/llvm/prebuilt/linux-x86_64/bin/clang++ --target=aarch64-none-linux-android --gcc-toolchain=/home/panxiaogong/3rdparty/android-ndk-r16b/toolchains/aarch64-linux-android-4.9/prebuilt/linux-x86_64 --sysroot=/home/panxiaogong/3rdparty/android-ndk-r16b/sysroot   -isystem /home/panxiaogong/3rdparty/android-ndk-r16b/sources/cxx-stl/llvm-libc++/include -isystem /home/panxiaogong/3rdparty/android-ndk-r16b/sources/android/support/include -isystem /home/panxiaogong/3rdparty/android-ndk-r16b/sources/cxx-stl/llvm-libc++abi/include  -isystem /home/panxiaogong/3rdparty/android-ndk-r16b/sysroot/usr/include/aarch64-linux-android -D__ANDROID_API__=27 -g -DANDROID -ffunction-sections -funwind-tables -fstack-protector-strong -no-canonical-prefixes -Wa,--noexecstack -Wformat -Werror=format-security -std=c++11   -fPIE   -std=c++11 -o CMakeFiles/cmTC_3dbd5.dir/feature_tests.cxx.o -c /home/panxiaogong/3rdparty/android/opencv-3.1.0/samples/build/CMakeFiles/feature_tests.cxx
Linking CXX executable cmTC_3dbd5
/home/panxiaogong/3rdparty/cmake-3.14.0-rc2-Linux-x86_64/bin/cmake -E cmake_link_script CMakeFiles/cmTC_3dbd5.dir/link.txt --verbose=1
/home/panxiaogong/3rdparty/android-ndk-r16b/toolchains/llvm/prebuilt/linux-x86_64/bin/clang++ --target=aarch64-none-linux-android --gcc-toolchain=/home/panxiaogong/3rdparty/android-ndk-r16b/toolchains/aarch64-linux-android-4.9/prebuilt/linux-x86_64 --sysroot=/home/panxiaogong/3rdparty/android-ndk-r16b/sysroot  -isystem /home/panxiaogong/3rdparty/android-ndk-r16b/sysroot/usr/include/aarch64-linux-android -D__ANDROID_API__=27 -g -DANDROID -ffunction-sections -funwind-tables -fstack-protector-strong -no-canonical-prefixes -Wa,--noexecstack -Wformat -Werror=format-security -std=c++11    -Wl,--exclude-libs,libgcc.a -Wl,--exclude-libs,libatomic.a --sysroot /home/panxiaogong/3rdparty/android-ndk-r16b/platforms/android-27/arch-arm64 -Wl,--build-id -Wl,--warn-shared-textrel -Wl,--fatal-warnings -L/home/panxiaogong/3rdparty/android-ndk-r16b/sources/cxx-stl/llvm-libc++/libs/arm64-v8a -Wl,--no-undefined -Wl,-z,noexecstack -Qunused-arguments -Wl,-z,relro -Wl,-z,now -Wl,--gc-sections -Wl,-z,nocopyreloc -pie -fPIE   CMakeFiles/cmTC_3dbd5.dir/feature_tests.cxx.o  -o cmTC_3dbd5 -latomic -lm "/home/panxiaogong/3rdparty/android-ndk-r16b/sources/cxx-stl/llvm-libc++/libs/arm64-v8a/libc++.so" 
gmake[1]: 离开目录“/home/panxiaogong/3rdparty/android/opencv-3.1.0/samples/build/CMakeFiles/CMakeTmp”


    Feature record: CXX_FEATURE:0cxx_aggregate_default_initializers
    Feature record: CXX_FEATURE:1cxx_alias_templates
    Feature record: CXX_FEATURE:1cxx_alignas
    Feature record: CXX_FEATURE:1cxx_alignof
    Feature record: CXX_FEATURE:1cxx_attributes
    Feature record: CXX_FEATURE:0cxx_attribute_deprecated
    Feature record: CXX_FEATURE:1cxx_auto_type
    Feature record: CXX_FEATURE:0cxx_binary_literals
    Feature record: CXX_FEATURE:1cxx_constexpr
    Feature record: CXX_FEATURE:0cxx_contextual_conversions
    Feature record: CXX_FEATURE:1cxx_decltype
    Feature record: CXX_FEATURE:0cxx_decltype_auto
    Feature record: CXX_FEATURE:1cxx_decltype_incomplete_return_types
    Feature record: CXX_FEATURE:1cxx_default_function_template_args
    Feature record: CXX_FEATURE:1cxx_defaulted_functions
    Feature record: CXX_FEATURE:1cxx_defaulted_move_initializers
    Feature record: CXX_FEATURE:1cxx_delegating_constructors
    Feature record: CXX_FEATURE:1cxx_deleted_functions
    Feature record: CXX_FEATURE:0cxx_digit_separators
    Feature record: CXX_FEATURE:1cxx_enum_forward_declarations
    Feature record: CXX_FEATURE:1cxx_explicit_conversions
    Feature record: CXX_FEATURE:1cxx_extended_friend_declarations
    Feature record: CXX_FEATURE:1cxx_extern_templates
    Feature record: CXX_FEATURE:1cxx_final
    Feature record: CXX_FEATURE:1cxx_func_identifier
    Feature record: CXX_FEATURE:1cxx_generalized_initializers
    Feature record: CXX_FEATURE:0cxx_generic_lambdas
    Feature record: CXX_FEATURE:1cxx_inheriting_constructors
    Feature record: CXX_FEATURE:1cxx_inline_namespaces
    Feature record: CXX_FEATURE:1cxx_lambdas
    Feature record: CXX_FEATURE:0cxx_lambda_init_captures
    Feature record: CXX_FEATURE:1cxx_local_type_template_args
    Feature record: CXX_FEATURE:1cxx_long_long_type
    Feature record: CXX_FEATURE:1cxx_noexcept
    Feature record: CXX_FEATURE:1cxx_nonstatic_member_init
    Feature record: CXX_FEATURE:1cxx_nullptr
    Feature record: CXX_FEATURE:1cxx_override
    Feature record: CXX_FEATURE:1cxx_range_for
    Feature record: CXX_FEATURE:1cxx_raw_string_literals
    Feature record: CXX_FEATURE:1cxx_reference_qualified_functions
    Feature record: CXX_FEATURE:0cxx_relaxed_constexpr
    Feature record: CXX_FEATURE:0cxx_return_type_deduction
    Feature record: CXX_FEATURE:1cxx_right_angle_brackets
    Feature record: CXX_FEATURE:1cxx_rvalue_references
    Feature record: CXX_FEATURE:1cxx_sizeof_member
    Feature record: CXX_FEATURE:1cxx_static_assert
    Feature record: CXX_FEATURE:1cxx_strong_enums
    Feature record: CXX_FEATURE:1cxx_template_template_parameters
    Feature record: CXX_FEATURE:1cxx_thread_local
    Feature record: CXX_FEATURE:1cxx_trailing_return_types
    Feature record: CXX_FEATURE:1cxx_unicode_literals
    Feature record: CXX_FEATURE:1cxx_uniform_initialization
    Feature record: CXX_FEATURE:1cxx_unrestricted_unions
    Feature record: CXX_FEATURE:1cxx_user_literals
    Feature record: CXX_FEATURE:0cxx_variable_templates
    Feature record: CXX_FEATURE:1cxx_variadic_macros
    Feature record: CXX_FEATURE:1cxx_variadic_templates


Detecting CXX [-std=c++98] compiler features compiled with the following output:
Change Dir: /home/panxiaogong/3rdparty/android/opencv-3.1.0/samples/build/CMakeFiles/CMakeTmp

Run Build Command(s):/usr/bin/gmake cmTC_58d56/fast 
/usr/bin/gmake -f CMakeFiles/cmTC_58d56.dir/build.make CMakeFiles/cmTC_58d56.dir/build
gmake[1]: 进入目录“/home/panxiaogong/3rdparty/android/opencv-3.1.0/samples/build/CMakeFiles/CMakeTmp”
Building CXX object CMakeFiles/cmTC_58d56.dir/feature_tests.cxx.o
/home/panxiaogong/3rdparty/android-ndk-r16b/toolchains/llvm/prebuilt/linux-x86_64/bin/clang++ --target=aarch64-none-linux-android --gcc-toolchain=/home/panxiaogong/3rdparty/android-ndk-r16b/toolchains/aarch64-linux-android-4.9/prebuilt/linux-x86_64 --sysroot=/home/panxiaogong/3rdparty/android-ndk-r16b/sysroot   -isystem /home/panxiaogong/3rdparty/android-ndk-r16b/sources/cxx-stl/llvm-libc++/include -isystem /home/panxiaogong/3rdparty/android-ndk-r16b/sources/android/support/include -isystem /home/panxiaogong/3rdparty/android-ndk-r16b/sources/cxx-stl/llvm-libc++abi/include  -isystem /home/panxiaogong/3rdparty/android-ndk-r16b/sysroot/usr/include/aarch64-linux-android -D__ANDROID_API__=27 -g -DANDROID -ffunction-sections -funwind-tables -fstack-protector-strong -no-canonical-prefixes -Wa,--noexecstack -Wformat -Werror=format-security -std=c++11   -fPIE   -std=c++98 -o CMakeFiles/cmTC_58d56.dir/feature_tests.cxx.o -c /home/panxiaogong/3rdparty/android/opencv-3.1.0/samples/build/CMakeFiles/feature_tests.cxx
Linking CXX executable cmTC_58d56
/home/panxiaogong/3rdparty/cmake-3.14.0-rc2-Linux-x86_64/bin/cmake -E cmake_link_script CMakeFiles/cmTC_58d56.dir/link.txt --verbose=1
/home/panxiaogong/3rdparty/android-ndk-r16b/toolchains/llvm/prebuilt/linux-x86_64/bin/clang++ --target=aarch64-none-linux-android --gcc-toolchain=/home/panxiaogong/3rdparty/android-ndk-r16b/toolchains/aarch64-linux-android-4.9/prebuilt/linux-x86_64 --sysroot=/home/panxiaogong/3rdparty/android-ndk-r16b/sysroot  -isystem /home/panxiaogong/3rdparty/android-ndk-r16b/sysroot/usr/include/aarch64-linux-android -D__ANDROID_API__=27 -g -DANDROID -ffunction-sections -funwind-tables -fstack-protector-strong -no-canonical-prefixes -Wa,--noexecstack -Wformat -Werror=format-security -std=c++11    -Wl,--exclude-libs,libgcc.a -Wl,--exclude-libs,libatomic.a --sysroot /home/panxiaogong/3rdparty/android-ndk-r16b/platforms/android-27/arch-arm64 -Wl,--build-id -Wl,--warn-shared-textrel -Wl,--fatal-warnings -L/home/panxiaogong/3rdparty/android-ndk-r16b/sources/cxx-stl/llvm-libc++/libs/arm64-v8a -Wl,--no-undefined -Wl,-z,noexecstack -Qunused-arguments -Wl,-z,relro -Wl,-z,now -Wl,--gc-sections -Wl,-z,nocopyreloc -pie -fPIE   CMakeFiles/cmTC_58d56.dir/feature_tests.cxx.o  -o cmTC_58d56 -latomic -lm "/home/panxiaogong/3rdparty/android-ndk-r16b/sources/cxx-stl/llvm-libc++/libs/arm64-v8a/libc++.so" 
gmake[1]: 离开目录“/home/panxiaogong/3rdparty/android/opencv-3.1.0/samples/build/CMakeFiles/CMakeTmp”


    Feature record: CXX_FEATURE:0cxx_aggregate_default_initializers
    Feature record: CXX_FEATURE:0cxx_alias_templates
    Feature record: CXX_FEATURE:0cxx_alignas
    Feature record: CXX_FEATURE:0cxx_alignof
    Feature record: CXX_FEATURE:0cxx_attributes
    Feature record: CXX_FEATURE:0cxx_attribute_deprecated
    Feature record: CXX_FEATURE:0cxx_auto_type
    Feature record: CXX_FEATURE:0cxx_binary_literals
    Feature record: CXX_FEATURE:0cxx_constexpr
    Feature record: CXX_FEATURE:0cxx_contextual_conversions
    Feature record: CXX_FEATURE:0cxx_decltype
    Feature record: CXX_FEATURE:0cxx_decltype_auto
    Feature record: CXX_FEATURE:0cxx_decltype_incomplete_return_types
    Feature record: CXX_FEATURE:0cxx_default_function_template_args
    Feature record: CXX_FEATURE:0cxx_defaulted_functions
    Feature record: CXX_FEATURE:0cxx_defaulted_move_initializers
    Feature record: CXX_FEATURE:0cxx_delegating_constructors
    Feature record: CXX_FEATURE:0cxx_deleted_functions
    Feature record: CXX_FEATURE:0cxx_digit_separators
    Feature record: CXX_FEATURE:0cxx_enum_forward_declarations
    Feature record: CXX_FEATURE:0cxx_explicit_conversions
    Feature record: CXX_FEATURE:0cxx_extended_friend_declarations
    Feature record: CXX_FEATURE:0cxx_extern_templates
    Feature record: CXX_FEATURE:0cxx_final
    Feature record: CXX_FEATURE:0cxx_func_identifier
    Feature record: CXX_FEATURE:0cxx_generalized_initializers
    Feature record: CXX_FEATURE:0cxx_generic_lambdas
    Feature record: CXX_FEATURE:0cxx_inheriting_constructors
    Feature record: CXX_FEATURE:0cxx_inline_namespaces
    Feature record: CXX_FEATURE:0cxx_lambdas
    Feature record: CXX_FEATURE:0cxx_lambda_init_captures
    Feature record: CXX_FEATURE:0cxx_local_type_template_args
    Feature record: CXX_FEATURE:0cxx_long_long_type
    Feature record: CXX_FEATURE:0cxx_noexcept
    Feature record: CXX_FEATURE:0cxx_nonstatic_member_init
    Feature record: CXX_FEATURE:0cxx_nullptr
    Feature record: CXX_FEATURE:0cxx_override
    Feature record: CXX_FEATURE:0cxx_range_for
    Feature record: CXX_FEATURE:0cxx_raw_string_literals
    Feature record: CXX_FEATURE:0cxx_reference_qualified_functions
    Feature record: CXX_FEATURE:0cxx_relaxed_constexpr
    Feature record: CXX_FEATURE:0cxx_return_type_deduction
    Feature record: CXX_FEATURE:0cxx_right_angle_brackets
    Feature record: CXX_FEATURE:0cxx_rvalue_references
    Feature record: CXX_FEATURE:0cxx_sizeof_member
    Feature record: CXX_FEATURE:0cxx_static_assert
    Feature record: CXX_FEATURE:0cxx_strong_enums
    Feature record: CXX_FEATURE:1cxx_template_template_parameters
    Feature record: CXX_FEATURE:0cxx_thread_local
    Feature record: CXX_FEATURE:0cxx_trailing_return_types
    Feature record: CXX_FEATURE:0cxx_unicode_literals
    Feature record: CXX_FEATURE:0cxx_uniform_initialization
    Feature record: CXX_FEATURE:0cxx_unrestricted_unions
    Feature record: CXX_FEATURE:0cxx_user_literals
    Feature record: CXX_FEATURE:0cxx_variable_templates
    Feature record: CXX_FEATURE:0cxx_variadic_macros
    Feature record: CXX_FEATURE:0cxx_variadic_templates
