Determining if the include file io.h exists failed with the following output:
Change Dir: /home/panxiaogong/3rdparty/android/opencv-3.1.0/build_android4ffmpeg/CMakeFiles/CMakeTmp

Run Build Command(s):/usr/bin/gmake cmTC_b89da/fast 
/usr/bin/gmake -f CMakeFiles/cmTC_b89da.dir/build.make CMakeFiles/cmTC_b89da.dir/build
gmake[1]: 进入目录“/home/panxiaogong/3rdparty/android/opencv-3.1.0/build_android4ffmpeg/CMakeFiles/CMakeTmp”
Building C object CMakeFiles/cmTC_b89da.dir/CheckIncludeFile.c.o
/home/panxiaogong/3rdparty/android-ndk-r16b/toolchains/llvm/prebuilt/linux-x86_64/bin/clang --target=aarch64-none-linux-android --gcc-toolchain=/home/panxiaogong/3rdparty/android-ndk-r16b/toolchains/aarch64-linux-android-4.9/prebuilt/linux-x86_64 --sysroot=/home/panxiaogong/3rdparty/android-ndk-r16b/sysroot   -isystem /home/panxiaogong/3rdparty/android-ndk-r16b/sysroot/usr/include/aarch64-linux-android -D__ANDROID_API__=27 -g -DANDROID -ffunction-sections -funwind-tables -fstack-protector-strong -no-canonical-prefixes -Wa,--noexecstack -Wformat -Werror=format-security    -fsigned-char -W -Werror=return-type -Werror=non-virtual-dtor -Werror=address -Werror=sequence-point -Wformat -Werror=format-security -Wmissing-declarations -Wmissing-prototypes -Wstrict-prototypes -Wundef -Winit-self -Wpointer-arith -Wshadow -Wsign-promo -Wno-narrowing -Wno-delete-non-virtual-dtor -Wno-unnamed-type-template-args -fdiagnostics-show-option -Qunused-arguments -fomit-frame-pointer -fvisibility=hidden -fvisibility-inlines-hidden  -O0 -fno-limit-debug-info  -fPIE   -o CMakeFiles/cmTC_b89da.dir/CheckIncludeFile.c.o   -c /home/panxiaogong/3rdparty/android/opencv-3.1.0/build_android4ffmpeg/CMakeFiles/CMakeTmp/CheckIncludeFile.c
/home/panxiaogong/3rdparty/android/opencv-3.1.0/build_android4ffmpeg/CMakeFiles/CMakeTmp/CheckIncludeFile.c:1:10: fatal error: 'io.h' file not found
#include <io.h>
         ^~~~~~
1 error generated.
gmake[1]: *** [CMakeFiles/cmTC_b89da.dir/CheckIncludeFile.c.o] 错误 1
gmake[1]: 离开目录“/home/panxiaogong/3rdparty/android/opencv-3.1.0/build_android4ffmpeg/CMakeFiles/CMakeTmp”
gmake: *** [cmTC_b89da/fast] 错误 2


Determining if the function jbg_newlen exists failed with the following output:
Change Dir: /home/panxiaogong/3rdparty/android/opencv-3.1.0/build_android4ffmpeg/CMakeFiles/CMakeTmp

Run Build Command(s):/usr/bin/gmake cmTC_1ba79/fast 
/usr/bin/gmake -f CMakeFiles/cmTC_1ba79.dir/build.make CMakeFiles/cmTC_1ba79.dir/build
gmake[1]: 进入目录“/home/panxiaogong/3rdparty/android/opencv-3.1.0/build_android4ffmpeg/CMakeFiles/CMakeTmp”
Building C object CMakeFiles/cmTC_1ba79.dir/CheckFunctionExists.c.o
/home/panxiaogong/3rdparty/android-ndk-r16b/toolchains/llvm/prebuilt/linux-x86_64/bin/clang --target=aarch64-none-linux-android --gcc-toolchain=/home/panxiaogong/3rdparty/android-ndk-r16b/toolchains/aarch64-linux-android-4.9/prebuilt/linux-x86_64 --sysroot=/home/panxiaogong/3rdparty/android-ndk-r16b/sysroot   -isystem /home/panxiaogong/3rdparty/android-ndk-r16b/sysroot/usr/include/aarch64-linux-android -D__ANDROID_API__=27 -g -DANDROID -ffunction-sections -funwind-tables -fstack-protector-strong -no-canonical-prefixes -Wa,--noexecstack -Wformat -Werror=format-security    -fsigned-char -W -Werror=return-type -Werror=non-virtual-dtor -Werror=address -Werror=sequence-point -Wformat -Werror=format-security -Wmissing-declarations -Wmissing-prototypes -Wstrict-prototypes -Wundef -Winit-self -Wpointer-arith -Wshadow -Wsign-promo -Wno-narrowing -Wno-delete-non-virtual-dtor -Wno-unnamed-type-template-args -fdiagnostics-show-option -Qunused-arguments -fomit-frame-pointer -fvisibility=hidden -fvisibility-inlines-hidden -DCHECK_FUNCTION_EXISTS=jbg_newlen -O0 -fno-limit-debug-info  -fPIE   -o CMakeFiles/cmTC_1ba79.dir/CheckFunctionExists.c.o   -c /home/panxiaogong/3rdparty/cmake-3.14.0-rc2-Linux-x86_64/share/cmake-3.14/Modules/CheckFunctionExists.c
Linking C executable cmTC_1ba79
/home/panxiaogong/3rdparty/cmake-3.14.0-rc2-Linux-x86_64/bin/cmake -E cmake_link_script CMakeFiles/cmTC_1ba79.dir/link.txt --verbose=1
/home/panxiaogong/3rdparty/android-ndk-r16b/toolchains/llvm/prebuilt/linux-x86_64/bin/clang --target=aarch64-none-linux-android --gcc-toolchain=/home/panxiaogong/3rdparty/android-ndk-r16b/toolchains/aarch64-linux-android-4.9/prebuilt/linux-x86_64 --sysroot=/home/panxiaogong/3rdparty/android-ndk-r16b/sysroot -isystem /home/panxiaogong/3rdparty/android-ndk-r16b/sysroot/usr/include/aarch64-linux-android -D__ANDROID_API__=27 -g -DANDROID -ffunction-sections -funwind-tables -fstack-protector-strong -no-canonical-prefixes -Wa,--noexecstack -Wformat -Werror=format-security    -fsigned-char -W -Werror=return-type -Werror=non-virtual-dtor -Werror=address -Werror=sequence-point -Wformat -Werror=format-security -Wmissing-declarations -Wmissing-prototypes -Wstrict-prototypes -Wundef -Winit-self -Wpointer-arith -Wshadow -Wsign-promo -Wno-narrowing -Wno-delete-non-virtual-dtor -Wno-unnamed-type-template-args -fdiagnostics-show-option -Qunused-arguments -fomit-frame-pointer -fvisibility=hidden -fvisibility-inlines-hidden -DCHECK_FUNCTION_EXISTS=jbg_newlen -O0 -fno-limit-debug-info   -Wl,--exclude-libs,libgcc.a -Wl,--exclude-libs,libatomic.a --sysroot /home/panxiaogong/3rdparty/android-ndk-r16b/platforms/android-27/arch-arm64 -Wl,--build-id -Wl,--warn-shared-textrel -Wl,--fatal-warnings -L/home/panxiaogong/3rdparty/android-ndk-r16b/sources/cxx-stl/llvm-libc++/libs/arm64-v8a -Wl,--no-undefined -Wl,-z,noexecstack -Qunused-arguments -Wl,-z,relro -Wl,-z,now -Wl,--gc-sections -Wl,-z,nocopyreloc -pie -fPIE   CMakeFiles/cmTC_1ba79.dir/CheckFunctionExists.c.o  -o cmTC_1ba79 -latomic -lm 
CMakeFiles/cmTC_1ba79.dir/CheckFunctionExists.c.o: In function `main':
/home/panxiaogong/3rdparty/cmake-3.14.0-rc2-Linux-x86_64/share/cmake-3.14/Modules/CheckFunctionExists.c:17: undefined reference to `jbg_newlen'
clang: error: linker command failed with exit code 1 (use -v to see invocation)
gmake[1]: *** [cmTC_1ba79] 错误 1
gmake[1]: 离开目录“/home/panxiaogong/3rdparty/android/opencv-3.1.0/build_android4ffmpeg/CMakeFiles/CMakeTmp”
gmake: *** [cmTC_1ba79/fast] 错误 2


Determining if the include file linux/videodev.h exists failed with the following output:
Change Dir: /home/panxiaogong/3rdparty/android/opencv-3.1.0/build_android4ffmpeg/CMakeFiles/CMakeTmp

Run Build Command(s):/usr/bin/gmake cmTC_42e75/fast 
/usr/bin/gmake -f CMakeFiles/cmTC_42e75.dir/build.make CMakeFiles/cmTC_42e75.dir/build
gmake[1]: 进入目录“/home/panxiaogong/3rdparty/android/opencv-3.1.0/build_android4ffmpeg/CMakeFiles/CMakeTmp”
Building C object CMakeFiles/cmTC_42e75.dir/CheckIncludeFile.c.o
/home/panxiaogong/3rdparty/android-ndk-r16b/toolchains/llvm/prebuilt/linux-x86_64/bin/clang --target=aarch64-none-linux-android --gcc-toolchain=/home/panxiaogong/3rdparty/android-ndk-r16b/toolchains/aarch64-linux-android-4.9/prebuilt/linux-x86_64 --sysroot=/home/panxiaogong/3rdparty/android-ndk-r16b/sysroot   -isystem /home/panxiaogong/3rdparty/android-ndk-r16b/sysroot/usr/include/aarch64-linux-android -D__ANDROID_API__=27 -g -DANDROID -ffunction-sections -funwind-tables -fstack-protector-strong -no-canonical-prefixes -Wa,--noexecstack -Wformat -Werror=format-security    -fsigned-char -W -Werror=return-type -Werror=non-virtual-dtor -Werror=address -Werror=sequence-point -Wformat -Werror=format-security -Wmissing-declarations -Wmissing-prototypes -Wstrict-prototypes -Wundef -Winit-self -Wpointer-arith -Wshadow -Wsign-promo -Wno-narrowing -Wno-delete-non-virtual-dtor -Wno-unnamed-type-template-args -fdiagnostics-show-option -Qunused-arguments -fomit-frame-pointer -fvisibility=hidden -fvisibility-inlines-hidden  -O0 -fno-limit-debug-info  -fPIE   -o CMakeFiles/cmTC_42e75.dir/CheckIncludeFile.c.o   -c /home/panxiaogong/3rdparty/android/opencv-3.1.0/build_android4ffmpeg/CMakeFiles/CMakeTmp/CheckIncludeFile.c
/home/panxiaogong/3rdparty/android/opencv-3.1.0/build_android4ffmpeg/CMakeFiles/CMakeTmp/CheckIncludeFile.c:1:10: fatal error: 'linux/videodev.h' file not found
#include <linux/videodev.h>
         ^~~~~~~~~~~~~~~~~~
1 error generated.
gmake[1]: *** [CMakeFiles/cmTC_42e75.dir/CheckIncludeFile.c.o] 错误 1
gmake[1]: 离开目录“/home/panxiaogong/3rdparty/android/opencv-3.1.0/build_android4ffmpeg/CMakeFiles/CMakeTmp”
gmake: *** [cmTC_42e75/fast] 错误 2


Determining if the include file sys/videoio.h exists failed with the following output:
Change Dir: /home/panxiaogong/3rdparty/android/opencv-3.1.0/build_android4ffmpeg/CMakeFiles/CMakeTmp

Run Build Command(s):/usr/bin/gmake cmTC_568ed/fast 
/usr/bin/gmake -f CMakeFiles/cmTC_568ed.dir/build.make CMakeFiles/cmTC_568ed.dir/build
gmake[1]: 进入目录“/home/panxiaogong/3rdparty/android/opencv-3.1.0/build_android4ffmpeg/CMakeFiles/CMakeTmp”
Building C object CMakeFiles/cmTC_568ed.dir/CheckIncludeFile.c.o
/home/panxiaogong/3rdparty/android-ndk-r16b/toolchains/llvm/prebuilt/linux-x86_64/bin/clang --target=aarch64-none-linux-android --gcc-toolchain=/home/panxiaogong/3rdparty/android-ndk-r16b/toolchains/aarch64-linux-android-4.9/prebuilt/linux-x86_64 --sysroot=/home/panxiaogong/3rdparty/android-ndk-r16b/sysroot   -isystem /home/panxiaogong/3rdparty/android-ndk-r16b/sysroot/usr/include/aarch64-linux-android -D__ANDROID_API__=27 -g -DANDROID -ffunction-sections -funwind-tables -fstack-protector-strong -no-canonical-prefixes -Wa,--noexecstack -Wformat -Werror=format-security    -fsigned-char -W -Werror=return-type -Werror=non-virtual-dtor -Werror=address -Werror=sequence-point -Wformat -Werror=format-security -Wmissing-declarations -Wmissing-prototypes -Wstrict-prototypes -Wundef -Winit-self -Wpointer-arith -Wshadow -Wsign-promo -Wno-narrowing -Wno-delete-non-virtual-dtor -Wno-unnamed-type-template-args -fdiagnostics-show-option -Qunused-arguments -fomit-frame-pointer -fvisibility=hidden -fvisibility-inlines-hidden  -O0 -fno-limit-debug-info  -fPIE   -o CMakeFiles/cmTC_568ed.dir/CheckIncludeFile.c.o   -c /home/panxiaogong/3rdparty/android/opencv-3.1.0/build_android4ffmpeg/CMakeFiles/CMakeTmp/CheckIncludeFile.c
/home/panxiaogong/3rdparty/android/opencv-3.1.0/build_android4ffmpeg/CMakeFiles/CMakeTmp/CheckIncludeFile.c:1:10: fatal error: 'sys/videoio.h' file not found
#include <sys/videoio.h>
         ^~~~~~~~~~~~~~~
1 error generated.
gmake[1]: *** [CMakeFiles/cmTC_568ed.dir/CheckIncludeFile.c.o] 错误 1
gmake[1]: 离开目录“/home/panxiaogong/3rdparty/android/opencv-3.1.0/build_android4ffmpeg/CMakeFiles/CMakeTmp”
gmake: *** [cmTC_568ed/fast] 错误 2


Determining if the include file libavformat/avformat.h exists failed with the following output:
Change Dir: /home/panxiaogong/3rdparty/android/opencv-3.1.0/build_android4ffmpeg/CMakeFiles/CMakeTmp

Run Build Command(s):/usr/bin/gmake cmTC_36794/fast 
/usr/bin/gmake -f CMakeFiles/cmTC_36794.dir/build.make CMakeFiles/cmTC_36794.dir/build
gmake[1]: 进入目录“/home/panxiaogong/3rdparty/android/opencv-3.1.0/build_android4ffmpeg/CMakeFiles/CMakeTmp”
Building C object CMakeFiles/cmTC_36794.dir/CheckIncludeFile.c.o
/home/panxiaogong/3rdparty/android-ndk-r16b/toolchains/llvm/prebuilt/linux-x86_64/bin/clang --target=aarch64-none-linux-android --gcc-toolchain=/home/panxiaogong/3rdparty/android-ndk-r16b/toolchains/aarch64-linux-android-4.9/prebuilt/linux-x86_64 --sysroot=/home/panxiaogong/3rdparty/android-ndk-r16b/sysroot   -isystem /home/panxiaogong/3rdparty/android-ndk-r16b/sysroot/usr/include/aarch64-linux-android -D__ANDROID_API__=27 -g -DANDROID -ffunction-sections -funwind-tables -fstack-protector-strong -no-canonical-prefixes -Wa,--noexecstack -Wformat -Werror=format-security    -fsigned-char -W -Werror=return-type -Werror=non-virtual-dtor -Werror=address -Werror=sequence-point -Wformat -Werror=format-security -Wmissing-declarations -Wmissing-prototypes -Wstrict-prototypes -Wundef -Winit-self -Wpointer-arith -Wshadow -Wsign-promo -Wno-narrowing -Wno-delete-non-virtual-dtor -Wno-unnamed-type-template-args -fdiagnostics-show-option -Qunused-arguments -fomit-frame-pointer -fvisibility=hidden -fvisibility-inlines-hidden  -O0 -fno-limit-debug-info  -fPIE   -o CMakeFiles/cmTC_36794.dir/CheckIncludeFile.c.o   -c /home/panxiaogong/3rdparty/android/opencv-3.1.0/build_android4ffmpeg/CMakeFiles/CMakeTmp/CheckIncludeFile.c
/home/panxiaogong/3rdparty/android/opencv-3.1.0/build_android4ffmpeg/CMakeFiles/CMakeTmp/CheckIncludeFile.c:1:10: fatal error: 'libavformat/avformat.h' file not found
#include <libavformat/avformat.h>
         ^~~~~~~~~~~~~~~~~~~~~~~~
1 error generated.
gmake[1]: *** [CMakeFiles/cmTC_36794.dir/CheckIncludeFile.c.o] 错误 1
gmake[1]: 离开目录“/home/panxiaogong/3rdparty/android/opencv-3.1.0/build_android4ffmpeg/CMakeFiles/CMakeTmp”
gmake: *** [cmTC_36794/fast] 错误 2


Determining if the include file ffmpeg/avformat.h exists failed with the following output:
Change Dir: /home/panxiaogong/3rdparty/android/opencv-3.1.0/build_android4ffmpeg/CMakeFiles/CMakeTmp

Run Build Command(s):/usr/bin/gmake cmTC_fcf00/fast 
/usr/bin/gmake -f CMakeFiles/cmTC_fcf00.dir/build.make CMakeFiles/cmTC_fcf00.dir/build
gmake[1]: 进入目录“/home/panxiaogong/3rdparty/android/opencv-3.1.0/build_android4ffmpeg/CMakeFiles/CMakeTmp”
Building C object CMakeFiles/cmTC_fcf00.dir/CheckIncludeFile.c.o
/home/panxiaogong/3rdparty/android-ndk-r16b/toolchains/llvm/prebuilt/linux-x86_64/bin/clang --target=aarch64-none-linux-android --gcc-toolchain=/home/panxiaogong/3rdparty/android-ndk-r16b/toolchains/aarch64-linux-android-4.9/prebuilt/linux-x86_64 --sysroot=/home/panxiaogong/3rdparty/android-ndk-r16b/sysroot   -isystem /home/panxiaogong/3rdparty/android-ndk-r16b/sysroot/usr/include/aarch64-linux-android -D__ANDROID_API__=27 -g -DANDROID -ffunction-sections -funwind-tables -fstack-protector-strong -no-canonical-prefixes -Wa,--noexecstack -Wformat -Werror=format-security    -fsigned-char -W -Werror=return-type -Werror=non-virtual-dtor -Werror=address -Werror=sequence-point -Wformat -Werror=format-security -Wmissing-declarations -Wmissing-prototypes -Wstrict-prototypes -Wundef -Winit-self -Wpointer-arith -Wshadow -Wsign-promo -Wno-narrowing -Wno-delete-non-virtual-dtor -Wno-unnamed-type-template-args -fdiagnostics-show-option -Qunused-arguments -fomit-frame-pointer -fvisibility=hidden -fvisibility-inlines-hidden  -O0 -fno-limit-debug-info  -fPIE   -o CMakeFiles/cmTC_fcf00.dir/CheckIncludeFile.c.o   -c /home/panxiaogong/3rdparty/android/opencv-3.1.0/build_android4ffmpeg/CMakeFiles/CMakeTmp/CheckIncludeFile.c
/home/panxiaogong/3rdparty/android/opencv-3.1.0/build_android4ffmpeg/CMakeFiles/CMakeTmp/CheckIncludeFile.c:1:10: fatal error: 'ffmpeg/avformat.h' file not found
#include <ffmpeg/avformat.h>
         ^~~~~~~~~~~~~~~~~~~
1 error generated.
gmake[1]: *** [CMakeFiles/cmTC_fcf00.dir/CheckIncludeFile.c.o] 错误 1
gmake[1]: 离开目录“/home/panxiaogong/3rdparty/android/opencv-3.1.0/build_android4ffmpeg/CMakeFiles/CMakeTmp”
gmake: *** [cmTC_fcf00/fast] 错误 2


Determining if the include file linux/videodev.h exists failed with the following output:
Change Dir: /home/panxiaogong/3rdparty/android/opencv-3.1.0/build_android4ffmpeg/CMakeFiles/CMakeTmp

Run Build Command(s):/usr/bin/gmake cmTC_e96be/fast 
/usr/bin/gmake -f CMakeFiles/cmTC_e96be.dir/build.make CMakeFiles/cmTC_e96be.dir/build
gmake[1]: 进入目录“/home/panxiaogong/3rdparty/android/opencv-3.1.0/build_android4ffmpeg/CMakeFiles/CMakeTmp”
Building C object CMakeFiles/cmTC_e96be.dir/CheckIncludeFile.c.o
/home/panxiaogong/3rdparty/android-ndk-r16b/toolchains/llvm/prebuilt/linux-x86_64/bin/clang --target=aarch64-none-linux-android --gcc-toolchain=/home/panxiaogong/3rdparty/android-ndk-r16b/toolchains/aarch64-linux-android-4.9/prebuilt/linux-x86_64 --sysroot=/home/panxiaogong/3rdparty/android-ndk-r16b/sysroot   -isystem /home/panxiaogong/3rdparty/android-ndk-r16b/sysroot/usr/include/aarch64-linux-android -D__ANDROID_API__=27 -g -DANDROID -ffunction-sections -funwind-tables -fstack-protector-strong -no-canonical-prefixes -Wa,--noexecstack -Wformat -Werror=format-security    -fsigned-char -W -Werror=return-type -Werror=non-virtual-dtor -Werror=address -Werror=sequence-point -Wformat -Werror=format-security -Wmissing-declarations -Wmissing-prototypes -Wstrict-prototypes -Wundef -Winit-self -Wpointer-arith -Wshadow -Wsign-promo -Wno-narrowing -Wno-delete-non-virtual-dtor -Wno-unnamed-type-template-args -fdiagnostics-show-option -Qunused-arguments -fomit-frame-pointer -fvisibility=hidden -fvisibility-inlines-hidden  -O0 -fno-limit-debug-info  -fPIE   -o CMakeFiles/cmTC_e96be.dir/CheckIncludeFile.c.o   -c /home/panxiaogong/3rdparty/android/opencv-3.1.0/build_android4ffmpeg/CMakeFiles/CMakeTmp/CheckIncludeFile.c
/home/panxiaogong/3rdparty/android/opencv-3.1.0/build_android4ffmpeg/CMakeFiles/CMakeTmp/CheckIncludeFile.c:1:10: fatal error: 'linux/videodev.h' file not found
#include <linux/videodev.h>
         ^~~~~~~~~~~~~~~~~~
1 error generated.
gmake[1]: *** [CMakeFiles/cmTC_e96be.dir/CheckIncludeFile.c.o] 错误 1
gmake[1]: 离开目录“/home/panxiaogong/3rdparty/android/opencv-3.1.0/build_android4ffmpeg/CMakeFiles/CMakeTmp”
gmake: *** [cmTC_e96be/fast] 错误 2


Determining if the include file sys/videoio.h exists failed with the following output:
Change Dir: /home/panxiaogong/3rdparty/android/opencv-3.1.0/build_android4ffmpeg/CMakeFiles/CMakeTmp

Run Build Command(s):/usr/bin/gmake cmTC_0a56a/fast 
/usr/bin/gmake -f CMakeFiles/cmTC_0a56a.dir/build.make CMakeFiles/cmTC_0a56a.dir/build
gmake[1]: 进入目录“/home/panxiaogong/3rdparty/android/opencv-3.1.0/build_android4ffmpeg/CMakeFiles/CMakeTmp”
Building C object CMakeFiles/cmTC_0a56a.dir/CheckIncludeFile.c.o
/home/panxiaogong/3rdparty/android-ndk-r16b/toolchains/llvm/prebuilt/linux-x86_64/bin/clang --target=aarch64-none-linux-android --gcc-toolchain=/home/panxiaogong/3rdparty/android-ndk-r16b/toolchains/aarch64-linux-android-4.9/prebuilt/linux-x86_64 --sysroot=/home/panxiaogong/3rdparty/android-ndk-r16b/sysroot   -isystem /home/panxiaogong/3rdparty/android-ndk-r16b/sysroot/usr/include/aarch64-linux-android -D__ANDROID_API__=27 -g -DANDROID -ffunction-sections -funwind-tables -fstack-protector-strong -no-canonical-prefixes -Wa,--noexecstack -Wformat -Werror=format-security    -fsigned-char -W -Werror=return-type -Werror=non-virtual-dtor -Werror=address -Werror=sequence-point -Wformat -Werror=format-security -Wmissing-declarations -Wmissing-prototypes -Wstrict-prototypes -Wundef -Winit-self -Wpointer-arith -Wshadow -Wsign-promo -Wno-narrowing -Wno-delete-non-virtual-dtor -Wno-unnamed-type-template-args -fdiagnostics-show-option -Qunused-arguments -fomit-frame-pointer -fvisibility=hidden -fvisibility-inlines-hidden  -O0 -fno-limit-debug-info  -fPIE   -o CMakeFiles/cmTC_0a56a.dir/CheckIncludeFile.c.o   -c /home/panxiaogong/3rdparty/android/opencv-3.1.0/build_android4ffmpeg/CMakeFiles/CMakeTmp/CheckIncludeFile.c
/home/panxiaogong/3rdparty/android/opencv-3.1.0/build_android4ffmpeg/CMakeFiles/CMakeTmp/CheckIncludeFile.c:1:10: fatal error: 'sys/videoio.h' file not found
#include <sys/videoio.h>
         ^~~~~~~~~~~~~~~
1 error generated.
gmake[1]: *** [CMakeFiles/cmTC_0a56a.dir/CheckIncludeFile.c.o] 错误 1
gmake[1]: 离开目录“/home/panxiaogong/3rdparty/android/opencv-3.1.0/build_android4ffmpeg/CMakeFiles/CMakeTmp”
gmake: *** [cmTC_0a56a/fast] 错误 2


Determining if the include file libavformat/avformat.h exists failed with the following output:
Change Dir: /home/panxiaogong/3rdparty/android/opencv-3.1.0/build_android4ffmpeg/CMakeFiles/CMakeTmp

Run Build Command(s):/usr/bin/gmake cmTC_a4449/fast 
/usr/bin/gmake -f CMakeFiles/cmTC_a4449.dir/build.make CMakeFiles/cmTC_a4449.dir/build
gmake[1]: 进入目录“/home/panxiaogong/3rdparty/android/opencv-3.1.0/build_android4ffmpeg/CMakeFiles/CMakeTmp”
Building C object CMakeFiles/cmTC_a4449.dir/CheckIncludeFile.c.o
/home/panxiaogong/3rdparty/android-ndk-r16b/toolchains/llvm/prebuilt/linux-x86_64/bin/clang --target=aarch64-none-linux-android --gcc-toolchain=/home/panxiaogong/3rdparty/android-ndk-r16b/toolchains/aarch64-linux-android-4.9/prebuilt/linux-x86_64 --sysroot=/home/panxiaogong/3rdparty/android-ndk-r16b/sysroot   -isystem /home/panxiaogong/3rdparty/android-ndk-r16b/sysroot/usr/include/aarch64-linux-android -D__ANDROID_API__=27 -g -DANDROID -ffunction-sections -funwind-tables -fstack-protector-strong -no-canonical-prefixes -Wa,--noexecstack -Wformat -Werror=format-security    -fsigned-char -W -Werror=return-type -Werror=non-virtual-dtor -Werror=address -Werror=sequence-point -Wformat -Werror=format-security -Wmissing-declarations -Wmissing-prototypes -Wstrict-prototypes -Wundef -Winit-self -Wpointer-arith -Wshadow -Wsign-promo -Wno-narrowing -Wno-delete-non-virtual-dtor -Wno-unnamed-type-template-args -fdiagnostics-show-option -Qunused-arguments -fomit-frame-pointer -fvisibility=hidden -fvisibility-inlines-hidden  -O0 -fno-limit-debug-info  -fPIE   -o CMakeFiles/cmTC_a4449.dir/CheckIncludeFile.c.o   -c /home/panxiaogong/3rdparty/android/opencv-3.1.0/build_android4ffmpeg/CMakeFiles/CMakeTmp/CheckIncludeFile.c
/home/panxiaogong/3rdparty/android/opencv-3.1.0/build_android4ffmpeg/CMakeFiles/CMakeTmp/CheckIncludeFile.c:1:10: fatal error: 'libavformat/avformat.h' file not found
#include <libavformat/avformat.h>
         ^~~~~~~~~~~~~~~~~~~~~~~~
1 error generated.
gmake[1]: *** [CMakeFiles/cmTC_a4449.dir/CheckIncludeFile.c.o] 错误 1
gmake[1]: 离开目录“/home/panxiaogong/3rdparty/android/opencv-3.1.0/build_android4ffmpeg/CMakeFiles/CMakeTmp”
gmake: *** [cmTC_a4449/fast] 错误 2


Determining if the include file ffmpeg/avformat.h exists failed with the following output:
Change Dir: /home/panxiaogong/3rdparty/android/opencv-3.1.0/build_android4ffmpeg/CMakeFiles/CMakeTmp

Run Build Command(s):/usr/bin/gmake cmTC_c5f26/fast 
/usr/bin/gmake -f CMakeFiles/cmTC_c5f26.dir/build.make CMakeFiles/cmTC_c5f26.dir/build
gmake[1]: 进入目录“/home/panxiaogong/3rdparty/android/opencv-3.1.0/build_android4ffmpeg/CMakeFiles/CMakeTmp”
Building C object CMakeFiles/cmTC_c5f26.dir/CheckIncludeFile.c.o
/home/panxiaogong/3rdparty/android-ndk-r16b/toolchains/llvm/prebuilt/linux-x86_64/bin/clang --target=aarch64-none-linux-android --gcc-toolchain=/home/panxiaogong/3rdparty/android-ndk-r16b/toolchains/aarch64-linux-android-4.9/prebuilt/linux-x86_64 --sysroot=/home/panxiaogong/3rdparty/android-ndk-r16b/sysroot   -isystem /home/panxiaogong/3rdparty/android-ndk-r16b/sysroot/usr/include/aarch64-linux-android -D__ANDROID_API__=27 -g -DANDROID -ffunction-sections -funwind-tables -fstack-protector-strong -no-canonical-prefixes -Wa,--noexecstack -Wformat -Werror=format-security    -fsigned-char -W -Werror=return-type -Werror=non-virtual-dtor -Werror=address -Werror=sequence-point -Wformat -Werror=format-security -Wmissing-declarations -Wmissing-prototypes -Wstrict-prototypes -Wundef -Winit-self -Wpointer-arith -Wshadow -Wsign-promo -Wno-narrowing -Wno-delete-non-virtual-dtor -Wno-unnamed-type-template-args -fdiagnostics-show-option -Qunused-arguments -fomit-frame-pointer -fvisibility=hidden -fvisibility-inlines-hidden  -O0 -fno-limit-debug-info  -fPIE   -o CMakeFiles/cmTC_c5f26.dir/CheckIncludeFile.c.o   -c /home/panxiaogong/3rdparty/android/opencv-3.1.0/build_android4ffmpeg/CMakeFiles/CMakeTmp/CheckIncludeFile.c
/home/panxiaogong/3rdparty/android/opencv-3.1.0/build_android4ffmpeg/CMakeFiles/CMakeTmp/CheckIncludeFile.c:1:10: fatal error: 'ffmpeg/avformat.h' file not found
#include <ffmpeg/avformat.h>
         ^~~~~~~~~~~~~~~~~~~
1 error generated.
gmake[1]: *** [CMakeFiles/cmTC_c5f26.dir/CheckIncludeFile.c.o] 错误 1
gmake[1]: 离开目录“/home/panxiaogong/3rdparty/android/opencv-3.1.0/build_android4ffmpeg/CMakeFiles/CMakeTmp”
gmake: *** [cmTC_c5f26/fast] 错误 2


Determining if the include file linux/videodev.h exists failed with the following output:
Change Dir: /home/panxiaogong/3rdparty/android/opencv-3.1.0/build_android4ffmpeg/CMakeFiles/CMakeTmp

Run Build Command(s):/usr/bin/gmake cmTC_42fd0/fast 
/usr/bin/gmake -f CMakeFiles/cmTC_42fd0.dir/build.make CMakeFiles/cmTC_42fd0.dir/build
gmake[1]: 进入目录“/home/panxiaogong/3rdparty/android/opencv-3.1.0/build_android4ffmpeg/CMakeFiles/CMakeTmp”
Building C object CMakeFiles/cmTC_42fd0.dir/CheckIncludeFile.c.o
/home/panxiaogong/3rdparty/android-ndk-r16b/toolchains/llvm/prebuilt/linux-x86_64/bin/clang --target=aarch64-none-linux-android --gcc-toolchain=/home/panxiaogong/3rdparty/android-ndk-r16b/toolchains/aarch64-linux-android-4.9/prebuilt/linux-x86_64 --sysroot=/home/panxiaogong/3rdparty/android-ndk-r16b/sysroot   -isystem /home/panxiaogong/3rdparty/android-ndk-r16b/sysroot/usr/include/aarch64-linux-android -D__ANDROID_API__=27 -g -DANDROID -ffunction-sections -funwind-tables -fstack-protector-strong -no-canonical-prefixes -Wa,--noexecstack -Wformat -Werror=format-security    -fsigned-char -W -Werror=return-type -Werror=non-virtual-dtor -Werror=address -Werror=sequence-point -Wformat -Werror=format-security -Wmissing-declarations -Wmissing-prototypes -Wstrict-prototypes -Wundef -Winit-self -Wpointer-arith -Wshadow -Wsign-promo -Wno-narrowing -Wno-delete-non-virtual-dtor -Wno-unnamed-type-template-args -fdiagnostics-show-option -Qunused-arguments -fomit-frame-pointer -fvisibility=hidden -fvisibility-inlines-hidden  -O0 -fno-limit-debug-info  -fPIE   -o CMakeFiles/cmTC_42fd0.dir/CheckIncludeFile.c.o   -c /home/panxiaogong/3rdparty/android/opencv-3.1.0/build_android4ffmpeg/CMakeFiles/CMakeTmp/CheckIncludeFile.c
/home/panxiaogong/3rdparty/android/opencv-3.1.0/build_android4ffmpeg/CMakeFiles/CMakeTmp/CheckIncludeFile.c:1:10: fatal error: 'linux/videodev.h' file not found
#include <linux/videodev.h>
         ^~~~~~~~~~~~~~~~~~
1 error generated.
gmake[1]: *** [CMakeFiles/cmTC_42fd0.dir/CheckIncludeFile.c.o] 错误 1
gmake[1]: 离开目录“/home/panxiaogong/3rdparty/android/opencv-3.1.0/build_android4ffmpeg/CMakeFiles/CMakeTmp”
gmake: *** [cmTC_42fd0/fast] 错误 2


Determining if the include file sys/videoio.h exists failed with the following output:
Change Dir: /home/panxiaogong/3rdparty/android/opencv-3.1.0/build_android4ffmpeg/CMakeFiles/CMakeTmp

Run Build Command(s):/usr/bin/gmake cmTC_cfb01/fast 
/usr/bin/gmake -f CMakeFiles/cmTC_cfb01.dir/build.make CMakeFiles/cmTC_cfb01.dir/build
gmake[1]: 进入目录“/home/panxiaogong/3rdparty/android/opencv-3.1.0/build_android4ffmpeg/CMakeFiles/CMakeTmp”
Building C object CMakeFiles/cmTC_cfb01.dir/CheckIncludeFile.c.o
/home/panxiaogong/3rdparty/android-ndk-r16b/toolchains/llvm/prebuilt/linux-x86_64/bin/clang --target=aarch64-none-linux-android --gcc-toolchain=/home/panxiaogong/3rdparty/android-ndk-r16b/toolchains/aarch64-linux-android-4.9/prebuilt/linux-x86_64 --sysroot=/home/panxiaogong/3rdparty/android-ndk-r16b/sysroot   -isystem /home/panxiaogong/3rdparty/android-ndk-r16b/sysroot/usr/include/aarch64-linux-android -D__ANDROID_API__=27 -g -DANDROID -ffunction-sections -funwind-tables -fstack-protector-strong -no-canonical-prefixes -Wa,--noexecstack -Wformat -Werror=format-security    -fsigned-char -W -Werror=return-type -Werror=non-virtual-dtor -Werror=address -Werror=sequence-point -Wformat -Werror=format-security -Wmissing-declarations -Wmissing-prototypes -Wstrict-prototypes -Wundef -Winit-self -Wpointer-arith -Wshadow -Wsign-promo -Wno-narrowing -Wno-delete-non-virtual-dtor -Wno-unnamed-type-template-args -fdiagnostics-show-option -Qunused-arguments -fomit-frame-pointer -fvisibility=hidden -fvisibility-inlines-hidden  -O0 -fno-limit-debug-info  -fPIE   -o CMakeFiles/cmTC_cfb01.dir/CheckIncludeFile.c.o   -c /home/panxiaogong/3rdparty/android/opencv-3.1.0/build_android4ffmpeg/CMakeFiles/CMakeTmp/CheckIncludeFile.c
/home/panxiaogong/3rdparty/android/opencv-3.1.0/build_android4ffmpeg/CMakeFiles/CMakeTmp/CheckIncludeFile.c:1:10: fatal error: 'sys/videoio.h' file not found
#include <sys/videoio.h>
         ^~~~~~~~~~~~~~~
1 error generated.
gmake[1]: *** [CMakeFiles/cmTC_cfb01.dir/CheckIncludeFile.c.o] 错误 1
gmake[1]: 离开目录“/home/panxiaogong/3rdparty/android/opencv-3.1.0/build_android4ffmpeg/CMakeFiles/CMakeTmp”
gmake: *** [cmTC_cfb01/fast] 错误 2


Determining if the include file libavformat/avformat.h exists failed with the following output:
Change Dir: /home/panxiaogong/3rdparty/android/opencv-3.1.0/build_android4ffmpeg/CMakeFiles/CMakeTmp

Run Build Command(s):/usr/bin/gmake cmTC_e8f35/fast 
/usr/bin/gmake -f CMakeFiles/cmTC_e8f35.dir/build.make CMakeFiles/cmTC_e8f35.dir/build
gmake[1]: 进入目录“/home/panxiaogong/3rdparty/android/opencv-3.1.0/build_android4ffmpeg/CMakeFiles/CMakeTmp”
Building C object CMakeFiles/cmTC_e8f35.dir/CheckIncludeFile.c.o
/home/panxiaogong/3rdparty/android-ndk-r16b/toolchains/llvm/prebuilt/linux-x86_64/bin/clang --target=aarch64-none-linux-android --gcc-toolchain=/home/panxiaogong/3rdparty/android-ndk-r16b/toolchains/aarch64-linux-android-4.9/prebuilt/linux-x86_64 --sysroot=/home/panxiaogong/3rdparty/android-ndk-r16b/sysroot   -isystem /home/panxiaogong/3rdparty/android-ndk-r16b/sysroot/usr/include/aarch64-linux-android -D__ANDROID_API__=27 -g -DANDROID -ffunction-sections -funwind-tables -fstack-protector-strong -no-canonical-prefixes -Wa,--noexecstack -Wformat -Werror=format-security    -fsigned-char -W -Werror=return-type -Werror=non-virtual-dtor -Werror=address -Werror=sequence-point -Wformat -Werror=format-security -Wmissing-declarations -Wmissing-prototypes -Wstrict-prototypes -Wundef -Winit-self -Wpointer-arith -Wshadow -Wsign-promo -Wno-narrowing -Wno-delete-non-virtual-dtor -Wno-unnamed-type-template-args -fdiagnostics-show-option -Qunused-arguments -fomit-frame-pointer -fvisibility=hidden -fvisibility-inlines-hidden  -O0 -fno-limit-debug-info  -fPIE   -o CMakeFiles/cmTC_e8f35.dir/CheckIncludeFile.c.o   -c /home/panxiaogong/3rdparty/android/opencv-3.1.0/build_android4ffmpeg/CMakeFiles/CMakeTmp/CheckIncludeFile.c
/home/panxiaogong/3rdparty/android/opencv-3.1.0/build_android4ffmpeg/CMakeFiles/CMakeTmp/CheckIncludeFile.c:1:10: fatal error: 'libavformat/avformat.h' file not found
#include <libavformat/avformat.h>
         ^~~~~~~~~~~~~~~~~~~~~~~~
1 error generated.
gmake[1]: *** [CMakeFiles/cmTC_e8f35.dir/CheckIncludeFile.c.o] 错误 1
gmake[1]: 离开目录“/home/panxiaogong/3rdparty/android/opencv-3.1.0/build_android4ffmpeg/CMakeFiles/CMakeTmp”
gmake: *** [cmTC_e8f35/fast] 错误 2


Determining if the include file ffmpeg/avformat.h exists failed with the following output:
Change Dir: /home/panxiaogong/3rdparty/android/opencv-3.1.0/build_android4ffmpeg/CMakeFiles/CMakeTmp

Run Build Command(s):/usr/bin/gmake cmTC_24707/fast 
/usr/bin/gmake -f CMakeFiles/cmTC_24707.dir/build.make CMakeFiles/cmTC_24707.dir/build
gmake[1]: 进入目录“/home/panxiaogong/3rdparty/android/opencv-3.1.0/build_android4ffmpeg/CMakeFiles/CMakeTmp”
Building C object CMakeFiles/cmTC_24707.dir/CheckIncludeFile.c.o
/home/panxiaogong/3rdparty/android-ndk-r16b/toolchains/llvm/prebuilt/linux-x86_64/bin/clang --target=aarch64-none-linux-android --gcc-toolchain=/home/panxiaogong/3rdparty/android-ndk-r16b/toolchains/aarch64-linux-android-4.9/prebuilt/linux-x86_64 --sysroot=/home/panxiaogong/3rdparty/android-ndk-r16b/sysroot   -isystem /home/panxiaogong/3rdparty/android-ndk-r16b/sysroot/usr/include/aarch64-linux-android -D__ANDROID_API__=27 -g -DANDROID -ffunction-sections -funwind-tables -fstack-protector-strong -no-canonical-prefixes -Wa,--noexecstack -Wformat -Werror=format-security    -fsigned-char -W -Werror=return-type -Werror=non-virtual-dtor -Werror=address -Werror=sequence-point -Wformat -Werror=format-security -Wmissing-declarations -Wmissing-prototypes -Wstrict-prototypes -Wundef -Winit-self -Wpointer-arith -Wshadow -Wsign-promo -Wno-narrowing -Wno-delete-non-virtual-dtor -Wno-unnamed-type-template-args -fdiagnostics-show-option -Qunused-arguments -fomit-frame-pointer -fvisibility=hidden -fvisibility-inlines-hidden  -O0 -fno-limit-debug-info  -fPIE   -o CMakeFiles/cmTC_24707.dir/CheckIncludeFile.c.o   -c /home/panxiaogong/3rdparty/android/opencv-3.1.0/build_android4ffmpeg/CMakeFiles/CMakeTmp/CheckIncludeFile.c
/home/panxiaogong/3rdparty/android/opencv-3.1.0/build_android4ffmpeg/CMakeFiles/CMakeTmp/CheckIncludeFile.c:1:10: fatal error: 'ffmpeg/avformat.h' file not found
#include <ffmpeg/avformat.h>
         ^~~~~~~~~~~~~~~~~~~
1 error generated.
gmake[1]: *** [CMakeFiles/cmTC_24707.dir/CheckIncludeFile.c.o] 错误 1
gmake[1]: 离开目录“/home/panxiaogong/3rdparty/android/opencv-3.1.0/build_android4ffmpeg/CMakeFiles/CMakeTmp”
gmake: *** [cmTC_24707/fast] 错误 2


